Using pre-set license
Built from '2020.3/staging' branch; Version is '2020.3.10f1 (297d780c91bc) revision 2719096'; Using compiler version '192528614'; Build Type 'Release'
OS: 'Windows 10 Home; OS build 19042.985; Version 2009; 64bit' Language: 'en' Physical Memory: 4013 MB
BatchMode: 1, IsHumanControllingUs: 0, StartBugReporterOnCrash: 0, Is64bit: 1, IsPro: 0

 COMMAND LINE ARGUMENTS:
C:\Program Files\Unity\Hub\Editor\2020.3.10f1\Editor\Unity.exe
-adb2
-batchMode
-noUpm
-name
AssetImportWorker2
-projectPath
C:/Users/KickyArtist/OneDrive/Dokumenti/GitHub/CA1-Katy-s-Adventure/Katy's Adventure
-logFile
Logs/AssetImportWorker2.log
-srvPort
49947
Successfully changed project path to: C:/Users/KickyArtist/OneDrive/Dokumenti/GitHub/CA1-Katy-s-Adventure/Katy's Adventure
C:/Users/KickyArtist/OneDrive/Dokumenti/GitHub/CA1-Katy-s-Adventure/Katy's Adventure
Using Asset Import Pipeline V2.
Refreshing native plugins compatible for Editor in 205.16 ms, found 2 plugins.
Preloading 0 native plugins for Editor in 0.00 ms.
Initialize engine version: 2020.3.10f1 (297d780c91bc)
[Subsystems] Discovering subsystems at path C:/Program Files/Unity/Hub/Editor/2020.3.10f1/Editor/Data/Resources/UnitySubsystems
[Subsystems] Discovering subsystems at path C:/Users/KickyArtist/OneDrive/Dokumenti/GitHub/CA1-Katy-s-Adventure/Katy's Adventure/Assets
GfxDevice: creating device client; threaded=0
Direct3D:
    Version:  Direct3D 11.0 [level 11.1]
    Renderer: Intel(R) HD Graphics 615 (ID=0x591e)
    Vendor:   
    VRAM:     2006 MB
    Driver:   27.20.100.8682
Initialize mono
Mono path[0] = 'C:/Program Files/Unity/Hub/Editor/2020.3.10f1/Editor/Data/Managed'
Mono path[1] = 'C:/Program Files/Unity/Hub/Editor/2020.3.10f1/Editor/Data/MonoBleedingEdge/lib/mono/unityjit'
Mono config path = 'C:/Program Files/Unity/Hub/Editor/2020.3.10f1/Editor/Data/MonoBleedingEdge/etc'
Using monoOptions --debugger-agent=transport=dt_socket,embedding=1,server=y,suspend=n,address=127.0.0.1:56484
Begin MonoManager ReloadAssembly
Registering precompiled unity dll's ...
Register platform support module: C:/Program Files/Unity/Hub/Editor/2020.3.10f1/Editor/Data/PlaybackEngines/WindowsStandaloneSupport/UnityEditor.WindowsStandalone.Extensions.dll
Registered in 0.007259 seconds.
Native extension for WindowsStandalone target not found
Refreshing native plugins compatible for Editor in 148.98 ms, found 2 plugins.
Preloading 0 native plugins for Editor in 0.00 ms.
Mono: successfully reloaded assembly
- Completed reload, in  3.804 seconds
Platform modules already initialized, skipping
Registering precompiled user dll's ...
Registered in 0.014425 seconds.
Begin MonoManager ReloadAssembly
Native extension for WindowsStandalone target not found
Refreshing native plugins compatible for Editor in 1.04 ms, found 2 plugins.
Preloading 0 native plugins for Editor in 0.00 ms.
Mono: successfully reloaded assembly
- Completed reload, in 10.205 seconds
Platform modules already initialized, skipping
========================================================================
Worker process is ready to serve import requests
Launched and connected shader compiler UnityShaderCompiler.exe after 0.23 seconds
Refreshing native plugins compatible for Editor in 0.96 ms, found 2 plugins.
Preloading 0 native plugins for Editor in 0.00 ms.
Unloading 1744 Unused Serialized files (Serialized files now loaded: 0)
System memory in use before: 84.8 MB.
System memory in use after: 84.9 MB.

Unloading 19 unused Assets to reduce memory usage. Loaded Objects now: 2183.
Total: 9.697800 ms (FindLiveObjects: 0.329700 ms CreateObjectMapping: 0.152600 ms MarkObjects: 8.582400 ms  DeleteObjects: 0.630000 ms)

========================================================================
Received Import Request.
  path: Assets/Prefabs/ScoreCanvas.prefab
  artifactKey: Guid(932e260f46c6cfc4294eed949a9979a4) Importer(815301076,1909f56bfc062723c751e8b465ee728b)
Start importing Assets/Prefabs/ScoreCanvas.prefab using Guid(932e260f46c6cfc4294eed949a9979a4) Importer(815301076,1909f56bfc062723c751e8b465ee728b)  -> (artifact id: '34f26c8dad29d8a259474c2a201869d9') in 0.360084 seconds
  Import took 0.375389 seconds .

========================================================================
Received Import Request.
  Time since last request: 0.001357 seconds.
  path: Assets/Prefabs/EnemyPlant3Enviromental.prefab
  artifactKey: Guid(5f19dbe8cc9430f438ec932601c918d0) Importer(815301076,1909f56bfc062723c751e8b465ee728b)
Start importing Assets/Prefabs/EnemyPlant3Enviromental.prefab using Guid(5f19dbe8cc9430f438ec932601c918d0) Importer(815301076,1909f56bfc062723c751e8b465ee728b)  -> (artifact id: '7098715c22ad709f7dd90b841a0437e4') in 0.632561 seconds
  Import took 0.646042 seconds .

========================================================================
Received Import Request.
  Time since last request: 15.277200 seconds.
  path: Assets/Prefabs/Destroy_box.prefab
  artifactKey: Guid(c46f767fdafd9f2438a21c0055e6155d) Importer(815301076,1909f56bfc062723c751e8b465ee728b)
Start importing Assets/Prefabs/Destroy_box.prefab using Guid(c46f767fdafd9f2438a21c0055e6155d) Importer(815301076,1909f56bfc062723c751e8b465ee728b)  -> (artifact id: '564ce4893be070f581b9ff5fad7513ff') in 0.172026 seconds
  Import took 0.191119 seconds .

========================================================================
Received Import Request.
  Time since last request: 7.842852 seconds.
  path: Assets/Prefabs/Box001.prefab
  artifactKey: Guid(28f987add55c12242a266e9cd2c282f6) Importer(815301076,1909f56bfc062723c751e8b465ee728b)
Start importing Assets/Prefabs/Box001.prefab using Guid(28f987add55c12242a266e9cd2c282f6) Importer(815301076,1909f56bfc062723c751e8b465ee728b)  -> (artifact id: '311ec876679304b2da305ae77bc33533') in 0.115603 seconds
  Import took 0.132167 seconds .

========================================================================
Received Import Request.
  Time since last request: 31.895745 seconds.
  path: Assets/Prefabs/Destroy_box.prefab
  artifactKey: Guid(c46f767fdafd9f2438a21c0055e6155d) Importer(815301076,1909f56bfc062723c751e8b465ee728b)
Start importing Assets/Prefabs/Destroy_box.prefab using Guid(c46f767fdafd9f2438a21c0055e6155d) Importer(815301076,1909f56bfc062723c751e8b465ee728b)  -> (artifact id: '7272e73154bbcfd1697b5bb30003552b') in 0.128712 seconds
  Import took 0.148083 seconds .

========================================================================
Received Import Request.
  Time since last request: 1.296552 seconds.
  path: Assets/Prefabs/Destroy_box.prefab
  artifactKey: Guid(c46f767fdafd9f2438a21c0055e6155d) Importer(815301076,1909f56bfc062723c751e8b465ee728b)
Start importing Assets/Prefabs/Destroy_box.prefab using Guid(c46f767fdafd9f2438a21c0055e6155d) Importer(815301076,1909f56bfc062723c751e8b465ee728b)  -> (artifact id: '9da7f9019d21ff6cf96e8801a7fa87f6') in 0.113186 seconds
  Import took 0.130995 seconds .

========================================================================
Received Import Request.
  Time since last request: 21.790409 seconds.
  path: Assets/Prefabs/Box001 1.prefab
  artifactKey: Guid(edd55531e9d360b4aa3d5fc66faedd0e) Importer(815301076,1909f56bfc062723c751e8b465ee728b)
Start importing Assets/Prefabs/Box001 1.prefab using Guid(edd55531e9d360b4aa3d5fc66faedd0e) Importer(815301076,1909f56bfc062723c751e8b465ee728b)  -> (artifact id: '4591634d43921cfe92c1be6320e73abc') in 0.109343 seconds
  Import took 0.124298 seconds .

========================================================================
Received Import Request.
  Time since last request: 0.023677 seconds.
  path: Assets/Prefabs/Box001 1.prefab
  artifactKey: Guid(edd55531e9d360b4aa3d5fc66faedd0e) Importer(815301076,1909f56bfc062723c751e8b465ee728b)
Start importing Assets/Prefabs/Box001 1.prefab using Guid(edd55531e9d360b4aa3d5fc66faedd0e) Importer(815301076,1909f56bfc062723c751e8b465ee728b)  -> (artifact id: '4591634d43921cfe92c1be6320e73abc') in 0.096259 seconds
  Import took 0.108397 seconds .

========================================================================
Received Import Request.
  Time since last request: 79.357745 seconds.
  path: Assets/Prefabs/Box.prefab
  artifactKey: Guid(edd55531e9d360b4aa3d5fc66faedd0e) Importer(815301076,1909f56bfc062723c751e8b465ee728b)
Start importing Assets/Prefabs/Box.prefab using Guid(edd55531e9d360b4aa3d5fc66faedd0e) Importer(815301076,1909f56bfc062723c751e8b465ee728b)  -> (artifact id: '5d7acfe67d465e46034f3f0ee6209445') in 0.089155 seconds
  Import took 0.109781 seconds .

========================================================================
Received Import Request.
  Time since last request: 9.150256 seconds.
  path: Assets/Prefabs/Box cracked.prefab
  artifactKey: Guid(c46f767fdafd9f2438a21c0055e6155d) Importer(815301076,1909f56bfc062723c751e8b465ee728b)
Start importing Assets/Prefabs/Box cracked.prefab using Guid(c46f767fdafd9f2438a21c0055e6155d) Importer(815301076,1909f56bfc062723c751e8b465ee728b)  -> (artifact id: '7b37e2f21d2c3ece6a7a97239dd31875') in 0.108865 seconds
  Import took 0.124436 seconds .

========================================================================
Received Import Request.
  Time since last request: 698.605655 seconds.
  path: Assets/Prefabs/Box cracked 1.prefab
  artifactKey: Guid(4b6d0a489b53bdc44aa9f58658dd0b65) Importer(815301076,1909f56bfc062723c751e8b465ee728b)
Start importing Assets/Prefabs/Box cracked 1.prefab using Guid(4b6d0a489b53bdc44aa9f58658dd0b65) Importer(815301076,1909f56bfc062723c751e8b465ee728b)  -> (artifact id: '6187fc8a8c717501159abfd7bcc50c74') in 0.165398 seconds
  Import took 0.187126 seconds .

========================================================================
Received Import Request.
  Time since last request: 8.396101 seconds.
  path: Assets/Prefabs/Box 1.prefab
  artifactKey: Guid(df4b07696468c884cbc3cd83c73df8b5) Importer(815301076,1909f56bfc062723c751e8b465ee728b)
Start importing Assets/Prefabs/Box 1.prefab using Guid(df4b07696468c884cbc3cd83c73df8b5) Importer(815301076,1909f56bfc062723c751e8b465ee728b)  -> (artifact id: 'f38320e867c45b95c96f4570b6c87de6') in 0.087618 seconds
  Import took 0.106176 seconds .

========================================================================
Received Import Request.
  Time since last request: 115.227749 seconds.
  path: Assets/Scripts/Destructable.cs
  artifactKey: Guid(1702b79d1eae1f045a715d390698a839) Importer(815301076,1909f56bfc062723c751e8b465ee728b)
Start importing Assets/Scripts/Destructable.cs using Guid(1702b79d1eae1f045a715d390698a839) Importer(815301076,1909f56bfc062723c751e8b465ee728b)  -> (artifact id: '43523327cdf24202b35f855953cd431a') in 0.096597 seconds
  Import took 0.113469 seconds .

