Using pre-set license
Built from '2020.2/release' branch; Version is '2020.2.2f1 (068178b99f32) revision 426360'; Using compiler version '192528614'; Build Type 'Release'
OS: 'Windows 10 Home; OS build 19042.985; Version 2009; 64bit' Language: 'en' Physical Memory: 4013 MB
BatchMode: 1, IsHumanControllingUs: 0, StartBugReporterOnCrash: 0, Is64bit: 1, IsPro: 0

 COMMAND LINE ARGUMENTS:
C:\Program Files\Unity\Hub\Editor\2020.2.2f1\Editor\Unity.exe
-adb2
-batchMode
-noUpm
-name
AssetImportWorker27
-projectPath
C:/Users/KickyArtist/OneDrive/Dokumenti/GitHub/CA1-Katy-s-Adventure/Katy's Adventure
-logFile
Logs/AssetImportWorker27.log
-srvPort
49779
Successfully changed project path to: C:/Users/KickyArtist/OneDrive/Dokumenti/GitHub/CA1-Katy-s-Adventure/Katy's Adventure
C:/Users/KickyArtist/OneDrive/Dokumenti/GitHub/CA1-Katy-s-Adventure/Katy's Adventure
Using Asset Import Pipeline V2.
Refreshing native plugins compatible for Editor in 61.08 ms, found 0 plugins.
Preloading 0 native plugins for Editor in 0.00 ms.
Initialize engine version: 2020.2.2f1 (068178b99f32)
[Subsystems] Discovering subsystems at path C:/Program Files/Unity/Hub/Editor/2020.2.2f1/Editor/Data/Resources/UnitySubsystems
[Subsystems] Discovering subsystems at path C:/Users/KickyArtist/OneDrive/Dokumenti/GitHub/CA1-Katy-s-Adventure/Katy's Adventure/Assets
GfxDevice: creating device client; threaded=0
Direct3D:
    Version:  Direct3D 11.0 [level 11.1]
    Renderer: Intel(R) HD Graphics 615 (ID=0x591e)
    Vendor:   
    VRAM:     2006 MB
    Driver:   27.20.100.8682
Initialize mono
Mono path[0] = 'C:/Program Files/Unity/Hub/Editor/2020.2.2f1/Editor/Data/Managed'
Mono path[1] = 'C:/Program Files/Unity/Hub/Editor/2020.2.2f1/Editor/Data/MonoBleedingEdge/lib/mono/unityjit'
Mono config path = 'C:/Program Files/Unity/Hub/Editor/2020.2.2f1/Editor/Data/MonoBleedingEdge/etc'
Using monoOptions --debugger-agent=transport=dt_socket,embedding=1,server=y,suspend=n,address=127.0.0.1:56876
Begin MonoManager ReloadAssembly
Registering precompiled unity dll's ...
Register platform support module: C:/Program Files/Unity/Hub/Editor/2020.2.2f1/Editor/Data/PlaybackEngines/WindowsStandaloneSupport/UnityEditor.WindowsStandalone.Extensions.dll
Registered in 0.006976 seconds.
Native extension for WindowsStandalone target not found
Refreshing native plugins compatible for Editor in 94.69 ms, found 0 plugins.
Preloading 0 native plugins for Editor in 0.00 ms.
Invoked RoslynAnalysisRunner static constructor.
RoslynAnalysisRunner will not be running.
RoslynAnalysisRunner has terminated.
Mono: successfully reloaded assembly
- Completed reload, in  7.849 seconds
Platform modules already initialized, skipping
Registering precompiled user dll's ...
Registered in 0.005287 seconds.
Begin MonoManager ReloadAssembly
Native extension for WindowsStandalone target not found
Refreshing native plugins compatible for Editor in 0.72 ms, found 0 plugins.
Preloading 0 native plugins for Editor in 0.00 ms.
Invoked RoslynAnalysisRunner static constructor.
RoslynAnalysisRunner will not be running.
RoslynAnalysisRunner has terminated.
Mono: successfully reloaded assembly
- Completed reload, in  4.264 seconds
Platform modules already initialized, skipping
========================================================================
Worker process is ready to serve import requests
Launched and connected shader compiler UnityShaderCompiler.exe after 0.29 seconds
Refreshing native plugins compatible for Editor in 0.82 ms, found 0 plugins.
Preloading 0 native plugins for Editor in 0.00 ms.
Unloading 1254 Unused Serialized files (Serialized files now loaded: 0)
System memory in use before: 66.2 MB.
System memory in use after: 66.3 MB.

Unloading 10 unused Assets to reduce memory usage. Loaded Objects now: 1701.
Total: 8.884900 ms (FindLiveObjects: 0.227300 ms CreateObjectMapping: 0.086300 ms MarkObjects: 7.751800 ms  DeleteObjects: 0.817400 ms)

========================================================================
Received Import Request.
  path: Assets/Scripts/PlayerAnimator.cs
  artifactKey: Guid(50e1bf847432ba64389f09f9074a3166) Importer(815301076,1909f56bfc062723c751e8b465ee728b)
Start importing Assets/Scripts/PlayerAnimator.cs using Guid(50e1bf847432ba64389f09f9074a3166) Importer(815301076,1909f56bfc062723c751e8b465ee728b)  -> (artifact id: 'f117fe670ccb0da45c716effc2cb0610') in 0.180358 seconds
  Import took 0.195245 seconds .

========================================================================
Received Prepare
Registering precompiled user dll's ...
Registered in 0.004474 seconds.
Begin MonoManager ReloadAssembly
Native extension for WindowsStandalone target not found
Refreshing native plugins compatible for Editor in 0.89 ms, found 0 plugins.
Preloading 0 native plugins for Editor in 0.00 ms.
Invoked RoslynAnalysisRunner static constructor.
RoslynAnalysisRunner will not be running.
RoslynAnalysisRunner has terminated.
Mono: successfully reloaded assembly
- Completed reload, in  4.875 seconds
Platform modules already initialized, skipping
Refreshing native plugins compatible for Editor in 0.62 ms, found 0 plugins.
Preloading 0 native plugins for Editor in 0.00 ms.
Unloading 1235 Unused Serialized files (Serialized files now loaded: 0)
System memory in use before: 65.5 MB.
System memory in use after: 65.6 MB.

Unloading 5 unused Assets to reduce memory usage. Loaded Objects now: 1704.
Total: 9.199300 ms (FindLiveObjects: 1.124700 ms CreateObjectMapping: 0.821200 ms MarkObjects: 7.103400 ms  DeleteObjects: 0.121600 ms)

========================================================================
Received Import Request.
  Time since last request: 328.436865 seconds.
  path: Assets/Scripts/PlayerScript.cs
  artifactKey: Guid(2e58cdbec7b6cd642918905751473533) Importer(815301076,1909f56bfc062723c751e8b465ee728b)
Start importing Assets/Scripts/PlayerScript.cs using Guid(2e58cdbec7b6cd642918905751473533) Importer(815301076,1909f56bfc062723c751e8b465ee728b)  -> (artifact id: 'cd8ba7bba3a6821c53a9471daf7d1591') in 7.340667 seconds
  Import took 8.218255 seconds .

========================================================================
Received Import Request.
  Time since last request: 281.623393 seconds.
  path: Assets/Scripts/PlayerScript.cs
  artifactKey: Guid(2e58cdbec7b6cd642918905751473533) Importer(815301076,1909f56bfc062723c751e8b465ee728b)
Start importing Assets/Scripts/PlayerScript.cs using Guid(2e58cdbec7b6cd642918905751473533) Importer(815301076,1909f56bfc062723c751e8b465ee728b)  -> (artifact id: 'c99ea4f824ff8d31f7aa6a7afe284041') in 0.073868 seconds
  Import took 0.249750 seconds .

========================================================================
Received Import Request.
  Time since last request: 62.688311 seconds.
  path: Assets/Scripts/PlayerScript.cs
  artifactKey: Guid(2e58cdbec7b6cd642918905751473533) Importer(815301076,1909f56bfc062723c751e8b465ee728b)
Start importing Assets/Scripts/PlayerScript.cs using Guid(2e58cdbec7b6cd642918905751473533) Importer(815301076,1909f56bfc062723c751e8b465ee728b)  -> (artifact id: '119db721819405ef8e5d5e3a601b35e1') in 0.103241 seconds
  Import took 0.208606 seconds .

========================================================================
Received Prepare
Registering precompiled user dll's ...
Registered in 0.005879 seconds.
Begin MonoManager ReloadAssembly
Native extension for WindowsStandalone target not found
Refreshing native plugins compatible for Editor in 0.96 ms, found 0 plugins.
Preloading 0 native plugins for Editor in 0.00 ms.
Invoked RoslynAnalysisRunner static constructor.
RoslynAnalysisRunner will not be running.
RoslynAnalysisRunner has terminated.
Mono: successfully reloaded assembly
- Completed reload, in  3.973 seconds
Platform modules already initialized, skipping
Refreshing native plugins compatible for Editor in 0.96 ms, found 0 plugins.
Preloading 0 native plugins for Editor in 0.00 ms.
Unloading 1234 Unused Serialized files (Serialized files now loaded: 0)
System memory in use before: 66.2 MB.
System memory in use after: 66.3 MB.

Unloading 5 unused Assets to reduce memory usage. Loaded Objects now: 1706.
Total: 20.465000 ms (FindLiveObjects: 1.437800 ms CreateObjectMapping: 0.175500 ms MarkObjects: 16.788400 ms  DeleteObjects: 2.059600 ms)

========================================================================
Received Import Request.
  Time since last request: 59.330930 seconds.
  path: Assets/Scripts/PlayerScript.cs
  artifactKey: Guid(2e58cdbec7b6cd642918905751473533) Importer(815301076,1909f56bfc062723c751e8b465ee728b)
Start importing Assets/Scripts/PlayerScript.cs using Guid(2e58cdbec7b6cd642918905751473533) Importer(815301076,1909f56bfc062723c751e8b465ee728b)  -> (artifact id: 'f84708ae3405e697547d5d67a1364595') in 0.049942 seconds
  Import took 0.059932 seconds .

========================================================================
Received Prepare
Registering precompiled user dll's ...
Registered in 0.103078 seconds.
Begin MonoManager ReloadAssembly
Native extension for WindowsStandalone target not found
Refreshing native plugins compatible for Editor in 1.10 ms, found 0 plugins.
Preloading 0 native plugins for Editor in 0.00 ms.
Invoked RoslynAnalysisRunner static constructor.
RoslynAnalysisRunner will not be running.
RoslynAnalysisRunner has terminated.
Mono: successfully reloaded assembly
- Completed reload, in  5.619 seconds
Platform modules already initialized, skipping
Refreshing native plugins compatible for Editor in 2.74 ms, found 0 plugins.
Preloading 0 native plugins for Editor in 0.00 ms.
Unloading 1234 Unused Serialized files (Serialized files now loaded: 0)
System memory in use before: 66.5 MB.
System memory in use after: 66.6 MB.

Unloading 5 unused Assets to reduce memory usage. Loaded Objects now: 1708.
Total: 23.237200 ms (FindLiveObjects: 2.875100 ms CreateObjectMapping: 0.205300 ms MarkObjects: 19.625100 ms  DeleteObjects: 0.527000 ms)

========================================================================
Received Prepare
Registering precompiled user dll's ...
Registered in 0.776341 seconds.
Begin MonoManager ReloadAssembly
Native extension for WindowsStandalone target not found
Refreshing native plugins compatible for Editor in 12.50 ms, found 0 plugins.
Preloading 0 native plugins for Editor in 0.00 ms.
Invoked RoslynAnalysisRunner static constructor.
RoslynAnalysisRunner will not be running.
RoslynAnalysisRunner has terminated.
Mono: successfully reloaded assembly
- Completed reload, in 34.490 seconds
Platform modules already initialized, skipping
Refreshing native plugins compatible for Editor in 0.81 ms, found 0 plugins.
Preloading 0 native plugins for Editor in 0.00 ms.
Unloading 1234 Unused Serialized files (Serialized files now loaded: 0)
System memory in use before: 66.4 MB.
System memory in use after: 66.5 MB.

Unloading 5 unused Assets to reduce memory usage. Loaded Objects now: 1710.
Total: 41.333300 ms (FindLiveObjects: 2.533800 ms CreateObjectMapping: 0.470400 ms MarkObjects: 37.765600 ms  DeleteObjects: 0.559200 ms)

========================================================================
Received Import Request.
  Time since last request: 1036.331979 seconds.
  path: Assets/Scripts/HumanoidAnimations.cs
  artifactKey: Guid(50e1bf847432ba64389f09f9074a3166) Importer(815301076,1909f56bfc062723c751e8b465ee728b)
Start importing Assets/Scripts/HumanoidAnimations.cs using Guid(50e1bf847432ba64389f09f9074a3166) Importer(815301076,1909f56bfc062723c751e8b465ee728b)  -> (artifact id: 'ca027fcbd7c758e68cb8fed082a08550') in 0.071021 seconds
  Import took 0.096229 seconds .

