Using pre-set license
Built from '2020.3/staging' branch; Version is '2020.3.10f1 (297d780c91bc) revision 2719096'; Using compiler version '192528614'; Build Type 'Release'
OS: 'Windows 10 Home; OS build 19042.985; Version 2009; 64bit' Language: 'en' Physical Memory: 4013 MB
BatchMode: 1, IsHumanControllingUs: 0, StartBugReporterOnCrash: 0, Is64bit: 1, IsPro: 0

 COMMAND LINE ARGUMENTS:
C:\Program Files\Unity\Hub\Editor\2020.3.10f1\Editor\Unity.exe
-adb2
-batchMode
-noUpm
-name
AssetImportWorker8
-projectPath
C:/Users/KickyArtist/OneDrive/Dokumenti/GitHub/CA1-Katy-s-Adventure/Katy's Adventure
-logFile
Logs/AssetImportWorker8.log
-srvPort
49828
Successfully changed project path to: C:/Users/KickyArtist/OneDrive/Dokumenti/GitHub/CA1-Katy-s-Adventure/Katy's Adventure
C:/Users/KickyArtist/OneDrive/Dokumenti/GitHub/CA1-Katy-s-Adventure/Katy's Adventure
Using Asset Import Pipeline V2.
Refreshing native plugins compatible for Editor in 347.53 ms, found 2 plugins.
Preloading 0 native plugins for Editor in 0.00 ms.
Initialize engine version: 2020.3.10f1 (297d780c91bc)
[Subsystems] Discovering subsystems at path C:/Program Files/Unity/Hub/Editor/2020.3.10f1/Editor/Data/Resources/UnitySubsystems
[Subsystems] Discovering subsystems at path C:/Users/KickyArtist/OneDrive/Dokumenti/GitHub/CA1-Katy-s-Adventure/Katy's Adventure/Assets
GfxDevice: creating device client; threaded=0
Direct3D:
    Version:  Direct3D 11.0 [level 11.1]
    Renderer: Intel(R) HD Graphics 615 (ID=0x591e)
    Vendor:   
    VRAM:     2006 MB
    Driver:   27.20.100.8682
Initialize mono
Mono path[0] = 'C:/Program Files/Unity/Hub/Editor/2020.3.10f1/Editor/Data/Managed'
Mono path[1] = 'C:/Program Files/Unity/Hub/Editor/2020.3.10f1/Editor/Data/MonoBleedingEdge/lib/mono/unityjit'
Mono config path = 'C:/Program Files/Unity/Hub/Editor/2020.3.10f1/Editor/Data/MonoBleedingEdge/etc'
Using monoOptions --debugger-agent=transport=dt_socket,embedding=1,server=y,suspend=n,address=127.0.0.1:56628
Begin MonoManager ReloadAssembly
Registering precompiled unity dll's ...
Register platform support module: C:/Program Files/Unity/Hub/Editor/2020.3.10f1/Editor/Data/PlaybackEngines/WindowsStandaloneSupport/UnityEditor.WindowsStandalone.Extensions.dll
Registered in 0.008587 seconds.
Native extension for WindowsStandalone target not found
Refreshing native plugins compatible for Editor in 166.38 ms, found 2 plugins.
Preloading 0 native plugins for Editor in 0.00 ms.
Mono: successfully reloaded assembly
- Completed reload, in  7.056 seconds
Platform modules already initialized, skipping
Registering precompiled user dll's ...
Registered in 0.186394 seconds.
Begin MonoManager ReloadAssembly
Native extension for WindowsStandalone target not found
Refreshing native plugins compatible for Editor in 1.93 ms, found 2 plugins.
Preloading 0 native plugins for Editor in 0.00 ms.
Mono: successfully reloaded assembly
- Completed reload, in  6.091 seconds
Platform modules already initialized, skipping
========================================================================
Worker process is ready to serve import requests
Launched and connected shader compiler UnityShaderCompiler.exe after 0.47 seconds
Refreshing native plugins compatible for Editor in 0.82 ms, found 2 plugins.
Preloading 0 native plugins for Editor in 0.00 ms.
Unloading 1748 Unused Serialized files (Serialized files now loaded: 0)
System memory in use before: 85.1 MB.
System memory in use after: 85.2 MB.

Unloading 19 unused Assets to reduce memory usage. Loaded Objects now: 2187.
Total: 14.671000 ms (FindLiveObjects: 0.473300 ms CreateObjectMapping: 0.218400 ms MarkObjects: 12.696100 ms  DeleteObjects: 1.279800 ms)

========================================================================
Received Import Request.
  path: Assets/Scripts/Item.cs
  artifactKey: Guid(6818692f50eb1e949bc0ca85fb27c938) Importer(815301076,1909f56bfc062723c751e8b465ee728b)
Start importing Assets/Scripts/Item.cs using Guid(6818692f50eb1e949bc0ca85fb27c938) Importer(815301076,1909f56bfc062723c751e8b465ee728b)  -> (artifact id: '650165ffa9b4c142c849720fcab12082') in 0.225441 seconds
  Import took 0.236351 seconds .

========================================================================
Received Import Request.
  Time since last request: 0.005176 seconds.
  path: Assets/Scripts/ItemPickup.cs
  artifactKey: Guid(c6a25351831a99a4f9448d456602e337) Importer(815301076,1909f56bfc062723c751e8b465ee728b)
Start importing Assets/Scripts/ItemPickup.cs using Guid(c6a25351831a99a4f9448d456602e337) Importer(815301076,1909f56bfc062723c751e8b465ee728b)  -> (artifact id: 'e6ee0455648da3ebc4df00c73cb00ea1') in 0.078018 seconds
  Import took 0.089935 seconds .

========================================================================
Received Import Request.
  Time since last request: 24.281025 seconds.
  path: Assets/Scripts/Item.cs
  artifactKey: Guid(6818692f50eb1e949bc0ca85fb27c938) Importer(815301076,1909f56bfc062723c751e8b465ee728b)
Start importing Assets/Scripts/Item.cs using Guid(6818692f50eb1e949bc0ca85fb27c938) Importer(815301076,1909f56bfc062723c751e8b465ee728b)  -> (artifact id: 'da4f7cc3f02e6f2013a245e74af9b416') in 0.176906 seconds
  Import took 5.464815 seconds .

========================================================================
Received Prepare
Registering precompiled user dll's ...
Registered in 0.034211 seconds.
Begin MonoManager ReloadAssembly
Native extension for WindowsStandalone target not found
Refreshing native plugins compatible for Editor in 2.22 ms, found 2 plugins.
Preloading 0 native plugins for Editor in 0.00 ms.
Mono: successfully reloaded assembly
- Completed reload, in  5.646 seconds
Platform modules already initialized, skipping
Refreshing native plugins compatible for Editor in 2.51 ms, found 2 plugins.
Preloading 0 native plugins for Editor in 0.00 ms.
Unloading 1699 Unused Serialized files (Serialized files now loaded: 0)
System memory in use before: 80.8 MB.
System memory in use after: 80.9 MB.

Unloading 14 unused Assets to reduce memory usage. Loaded Objects now: 2190.
Total: 29.930400 ms (FindLiveObjects: 1.427000 ms CreateObjectMapping: 0.247600 ms MarkObjects: 28.188200 ms  DeleteObjects: 0.062600 ms)

========================================================================
Received Import Request.
  Time since last request: 47.233373 seconds.
  path: Assets/Items/old items
  artifactKey: Guid(92319c0eecfd2f04c887d7954335d23b) Importer(815301076,1909f56bfc062723c751e8b465ee728b)
Start importing Assets/Items/old items using Guid(92319c0eecfd2f04c887d7954335d23b) Importer(815301076,1909f56bfc062723c751e8b465ee728b)  -> (artifact id: 'fc1ea366e684e1d34fa7400a370be887') in 0.102396 seconds
  Import took 0.129617 seconds .

========================================================================
Received Import Request.
  Time since last request: 46.956524 seconds.
  path: Assets/Items/New Item.asset
  artifactKey: Guid(a3b0cc20d09b9f3499b64de8e6677679) Importer(815301076,1909f56bfc062723c751e8b465ee728b)
Start importing Assets/Items/New Item.asset using Guid(a3b0cc20d09b9f3499b64de8e6677679) Importer(815301076,1909f56bfc062723c751e8b465ee728b)  -> (artifact id: 'e285eb6210bad7c0538463d220434552') in 0.147058 seconds
  Import took 0.156820 seconds .

========================================================================
Received Prepare
Registering precompiled user dll's ...
Registered in 0.025466 seconds.
Begin MonoManager ReloadAssembly
Native extension for WindowsStandalone target not found
Refreshing native plugins compatible for Editor in 1.17 ms, found 2 plugins.
Preloading 0 native plugins for Editor in 0.00 ms.
Mono: successfully reloaded assembly
- Completed reload, in  5.814 seconds
Platform modules already initialized, skipping
Refreshing native plugins compatible for Editor in 1.66 ms, found 2 plugins.
Preloading 0 native plugins for Editor in 0.00 ms.
Unloading 1699 Unused Serialized files (Serialized files now loaded: 0)
System memory in use before: 80.9 MB.
System memory in use after: 81.0 MB.

Unloading 14 unused Assets to reduce memory usage. Loaded Objects now: 2193.
Total: 18.528700 ms (FindLiveObjects: 1.407600 ms CreateObjectMapping: 0.264900 ms MarkObjects: 16.776200 ms  DeleteObjects: 0.076700 ms)

========================================================================
Received Import Request.
  Time since last request: 235.841671 seconds.
  path: Assets/Items/ItemPickup.asset
  artifactKey: Guid(a3b0cc20d09b9f3499b64de8e6677679) Importer(815301076,1909f56bfc062723c751e8b465ee728b)
Start importing Assets/Items/ItemPickup.asset using Guid(a3b0cc20d09b9f3499b64de8e6677679) Importer(815301076,1909f56bfc062723c751e8b465ee728b)  -> (artifact id: 'fd1b32cc1f723219f840efed3a47271b') in 0.088439 seconds
  Import took 0.101105 seconds .

========================================================================
Received Prepare
Registering precompiled user dll's ...
Registered in 0.044502 seconds.
Begin MonoManager ReloadAssembly
Native extension for WindowsStandalone target not found
Refreshing native plugins compatible for Editor in 20.60 ms, found 2 plugins.
Preloading 0 native plugins for Editor in 0.00 ms.
Mono: successfully reloaded assembly
- Completed reload, in 28.443 seconds
Platform modules already initialized, skipping
Refreshing native plugins compatible for Editor in 3.26 ms, found 2 plugins.
Preloading 0 native plugins for Editor in 0.00 ms.
Unloading 1699 Unused Serialized files (Serialized files now loaded: 0)
System memory in use before: 80.9 MB.
System memory in use after: 81.0 MB.

Unloading 14 unused Assets to reduce memory usage. Loaded Objects now: 2196.
Total: 48.998600 ms (FindLiveObjects: 7.253600 ms CreateObjectMapping: 0.311400 ms MarkObjects: 40.498600 ms  DeleteObjects: 0.928800 ms)

========================================================================
Received Import Request.
  Time since last request: 279.492684 seconds.
  path: Assets/Items/ItemPickup.asset
  artifactKey: Guid(a3b0cc20d09b9f3499b64de8e6677679) Importer(815301076,1909f56bfc062723c751e8b465ee728b)
Start importing Assets/Items/ItemPickup.asset using Guid(a3b0cc20d09b9f3499b64de8e6677679) Importer(815301076,1909f56bfc062723c751e8b465ee728b)  -> (artifact id: '0ac20972063cae3e23733298e29c8798') in 0.105730 seconds
  Import took 0.220222 seconds .

========================================================================
Received Prepare
Registering precompiled user dll's ...
Registered in 0.084847 seconds.
Begin MonoManager ReloadAssembly
Native extension for WindowsStandalone target not found
Refreshing native plugins compatible for Editor in 36.12 ms, found 2 plugins.
Preloading 0 native plugins for Editor in 0.00 ms.
Mono: successfully reloaded assembly
- Completed reload, in 56.191 seconds
Platform modules already initialized, skipping
Refreshing native plugins compatible for Editor in 1.92 ms, found 2 plugins.
Preloading 0 native plugins for Editor in 0.00 ms.
Unloading 1698 Unused Serialized files (Serialized files now loaded: 0)
System memory in use before: 80.9 MB.
System memory in use after: 81.0 MB.

Unloading 14 unused Assets to reduce memory usage. Loaded Objects now: 2198.
Total: 248.838900 ms (FindLiveObjects: 6.807600 ms CreateObjectMapping: 0.333300 ms MarkObjects: 240.562100 ms  DeleteObjects: 1.107400 ms)

========================================================================
Received Prepare
Registering precompiled user dll's ...
Registered in 0.088825 seconds.
Begin MonoManager ReloadAssembly
Native extension for WindowsStandalone target not found
Refreshing native plugins compatible for Editor in 2.75 ms, found 2 plugins.
Preloading 0 native plugins for Editor in 0.00 ms.
Mono: successfully reloaded assembly
- Completed reload, in 15.320 seconds
Platform modules already initialized, skipping
Refreshing native plugins compatible for Editor in 1.00 ms, found 2 plugins.
Preloading 0 native plugins for Editor in 0.00 ms.
Unloading 1698 Unused Serialized files (Serialized files now loaded: 0)
System memory in use before: 80.9 MB.
System memory in use after: 81.0 MB.

Unloading 14 unused Assets to reduce memory usage. Loaded Objects now: 2201.
Total: 48.046200 ms (FindLiveObjects: 13.105700 ms CreateObjectMapping: 1.336100 ms MarkObjects: 32.580300 ms  DeleteObjects: 1.019600 ms)

========================================================================
Received Import Request.
  Time since last request: 421.225893 seconds.
  path: Assets/Scripts/Interactable.cs
  artifactKey: Guid(82f50450fabfa294386f36b6e23190e3) Importer(815301076,1909f56bfc062723c751e8b465ee728b)
Start importing Assets/Scripts/Interactable.cs using Guid(82f50450fabfa294386f36b6e23190e3) Importer(815301076,1909f56bfc062723c751e8b465ee728b)  -> (artifact id: '923a4a3fbf4eff78e0b85fdf9d14dea8') in 0.093243 seconds
  Import took 0.111509 seconds .

========================================================================
Received Prepare
Registering precompiled user dll's ...
Registered in 0.048005 seconds.
Begin MonoManager ReloadAssembly
Native extension for WindowsStandalone target not found
Refreshing native plugins compatible for Editor in 2.54 ms, found 2 plugins.
Preloading 0 native plugins for Editor in 0.00 ms.
Mono: successfully reloaded assembly
- Completed reload, in  9.252 seconds
Platform modules already initialized, skipping
Refreshing native plugins compatible for Editor in 1.53 ms, found 2 plugins.
Preloading 0 native plugins for Editor in 0.00 ms.
Unloading 1697 Unused Serialized files (Serialized files now loaded: 0)
System memory in use before: 80.9 MB.
System memory in use after: 81.0 MB.

Unloading 15 unused Assets to reduce memory usage. Loaded Objects now: 2203.
Total: 8.168900 ms (FindLiveObjects: 0.388000 ms CreateObjectMapping: 0.354300 ms MarkObjects: 7.128900 ms  DeleteObjects: 0.294300 ms)

========================================================================
Received Prepare
Registering precompiled user dll's ...
Registered in 0.041371 seconds.
Begin MonoManager ReloadAssembly
Native extension for WindowsStandalone target not found
Refreshing native plugins compatible for Editor in 2.07 ms, found 2 plugins.
Preloading 0 native plugins for Editor in 0.00 ms.
Mono: successfully reloaded assembly
- Completed reload, in 11.927 seconds
Platform modules already initialized, skipping
Refreshing native plugins compatible for Editor in 2.89 ms, found 2 plugins.
Preloading 0 native plugins for Editor in 0.00 ms.
Unloading 1696 Unused Serialized files (Serialized files now loaded: 0)
System memory in use before: 80.9 MB.
System memory in use after: 81.0 MB.

Unloading 15 unused Assets to reduce memory usage. Loaded Objects now: 2205.
Total: 27.265900 ms (FindLiveObjects: 1.754900 ms CreateObjectMapping: 0.687000 ms MarkObjects: 24.235400 ms  DeleteObjects: 0.584800 ms)

========================================================================
Received Prepare
Registering precompiled user dll's ...
Registered in 0.054930 seconds.
Begin MonoManager ReloadAssembly
Native extension for WindowsStandalone target not found
Refreshing native plugins compatible for Editor in 1.48 ms, found 2 plugins.
Preloading 0 native plugins for Editor in 0.00 ms.
Mono: successfully reloaded assembly
- Completed reload, in  4.328 seconds
Platform modules already initialized, skipping
Refreshing native plugins compatible for Editor in 1.68 ms, found 2 plugins.
Preloading 0 native plugins for Editor in 0.00 ms.
Unloading 1695 Unused Serialized files (Serialized files now loaded: 0)
System memory in use before: 80.8 MB.
System memory in use after: 81.0 MB.

Unloading 15 unused Assets to reduce memory usage. Loaded Objects now: 2207.
Total: 3.614300 ms (FindLiveObjects: 0.524200 ms CreateObjectMapping: 0.154300 ms MarkObjects: 2.896200 ms  DeleteObjects: 0.037100 ms)

========================================================================
Received Import Request.
  Time since last request: 148.034456 seconds.
  path: Assets/Scripts/ItemPickup.cs
  artifactKey: Guid(c6a25351831a99a4f9448d456602e337) Importer(815301076,1909f56bfc062723c751e8b465ee728b)
Start importing Assets/Scripts/ItemPickup.cs using Guid(c6a25351831a99a4f9448d456602e337) Importer(815301076,1909f56bfc062723c751e8b465ee728b)  -> (artifact id: 'c34eeec1756e862653a8c5928f8adf6c') in 0.047413 seconds
  Import took 0.059863 seconds .

========================================================================
Received Prepare
Registering precompiled user dll's ...
Registered in 0.034705 seconds.
Begin MonoManager ReloadAssembly
Native extension for WindowsStandalone target not found
Refreshing native plugins compatible for Editor in 1.78 ms, found 2 plugins.
Preloading 0 native plugins for Editor in 0.00 ms.
Mono: successfully reloaded assembly
- Completed reload, in  5.575 seconds
Platform modules already initialized, skipping
Refreshing native plugins compatible for Editor in 1.17 ms, found 2 plugins.
Preloading 0 native plugins for Editor in 0.00 ms.
Unloading 1694 Unused Serialized files (Serialized files now loaded: 0)
System memory in use before: 80.8 MB.
System memory in use after: 80.9 MB.

Unloading 15 unused Assets to reduce memory usage. Loaded Objects now: 2209.
Total: 5.500000 ms (FindLiveObjects: 0.440400 ms CreateObjectMapping: 0.177400 ms MarkObjects: 4.760900 ms  DeleteObjects: 0.117400 ms)

========================================================================
Received Prepare
Registering precompiled user dll's ...
Registered in 0.059423 seconds.
Begin MonoManager ReloadAssembly
Native extension for WindowsStandalone target not found
Refreshing native plugins compatible for Editor in 2.92 ms, found 2 plugins.
Preloading 0 native plugins for Editor in 0.00 ms.
Mono: successfully reloaded assembly
- Completed reload, in  8.363 seconds
Platform modules already initialized, skipping
Refreshing native plugins compatible for Editor in 3.14 ms, found 2 plugins.
Preloading 0 native plugins for Editor in 0.00 ms.
Unloading 1693 Unused Serialized files (Serialized files now loaded: 0)
System memory in use before: 80.8 MB.
System memory in use after: 80.9 MB.

Unloading 15 unused Assets to reduce memory usage. Loaded Objects now: 2211.
Total: 15.064800 ms (FindLiveObjects: 1.558500 ms CreateObjectMapping: 0.192000 ms MarkObjects: 12.904300 ms  DeleteObjects: 0.394100 ms)

========================================================================
Received Prepare
Registering precompiled user dll's ...
Registered in 0.082280 seconds.
Begin MonoManager ReloadAssembly
Native extension for WindowsStandalone target not found
Refreshing native plugins compatible for Editor in 18.78 ms, found 2 plugins.
Preloading 0 native plugins for Editor in 0.00 ms.
Mono: successfully reloaded assembly
- Completed reload, in  9.030 seconds
Platform modules already initialized, skipping
Refreshing native plugins compatible for Editor in 1.73 ms, found 2 plugins.
Preloading 0 native plugins for Editor in 0.00 ms.
Unloading 1693 Unused Serialized files (Serialized files now loaded: 0)
System memory in use before: 80.8 MB.
System memory in use after: 80.9 MB.

Unloading 14 unused Assets to reduce memory usage. Loaded Objects now: 2214.
Total: 8.191000 ms (FindLiveObjects: 0.757800 ms CreateObjectMapping: 0.248400 ms MarkObjects: 6.901700 ms  DeleteObjects: 0.279200 ms)

========================================================================
Received Prepare
Registering precompiled user dll's ...
Registered in 0.037644 seconds.
Begin MonoManager ReloadAssembly
Native extension for WindowsStandalone target not found
Refreshing native plugins compatible for Editor in 2.76 ms, found 2 plugins.
Preloading 0 native plugins for Editor in 0.00 ms.
Mono: successfully reloaded assembly
- Completed reload, in 14.242 seconds
Platform modules already initialized, skipping
Refreshing native plugins compatible for Editor in 1.76 ms, found 2 plugins.
Preloading 0 native plugins for Editor in 0.00 ms.
Unloading 1693 Unused Serialized files (Serialized files now loaded: 0)
System memory in use before: 80.8 MB.
System memory in use after: 80.9 MB.

Unloading 14 unused Assets to reduce memory usage. Loaded Objects now: 2217.
Total: 27.016500 ms (FindLiveObjects: 3.236200 ms CreateObjectMapping: 0.382400 ms MarkObjects: 22.242300 ms  DeleteObjects: 1.151100 ms)

========================================================================
Received Prepare
Registering precompiled user dll's ...
Registered in 0.038179 seconds.
Begin MonoManager ReloadAssembly
Native extension for WindowsStandalone target not found
Refreshing native plugins compatible for Editor in 3.55 ms, found 2 plugins.
Preloading 0 native plugins for Editor in 0.00 ms.
Mono: successfully reloaded assembly
- Completed reload, in  7.692 seconds
Platform modules already initialized, skipping
Refreshing native plugins compatible for Editor in 2.55 ms, found 2 plugins.
Preloading 0 native plugins for Editor in 0.00 ms.
Unloading 1693 Unused Serialized files (Serialized files now loaded: 0)
System memory in use before: 80.8 MB.
System memory in use after: 80.9 MB.

Unloading 14 unused Assets to reduce memory usage. Loaded Objects now: 2220.
Total: 62.177400 ms (FindLiveObjects: 2.610600 ms CreateObjectMapping: 0.394600 ms MarkObjects: 57.639300 ms  DeleteObjects: 1.524500 ms)

========================================================================
Received Prepare
Registering precompiled user dll's ...
Registered in 0.088637 seconds.
Begin MonoManager ReloadAssembly
Native extension for WindowsStandalone target not found
Refreshing native plugins compatible for Editor in 2.08 ms, found 2 plugins.
Preloading 0 native plugins for Editor in 0.00 ms.
Mono: successfully reloaded assembly
- Completed reload, in  6.670 seconds
Platform modules already initialized, skipping
Refreshing native plugins compatible for Editor in 1.66 ms, found 2 plugins.
Preloading 0 native plugins for Editor in 0.00 ms.
Unloading 1693 Unused Serialized files (Serialized files now loaded: 0)
System memory in use before: 80.8 MB.
System memory in use after: 80.9 MB.

Unloading 14 unused Assets to reduce memory usage. Loaded Objects now: 2223.
Total: 18.790800 ms (FindLiveObjects: 1.276900 ms CreateObjectMapping: 0.330000 ms MarkObjects: 15.780800 ms  DeleteObjects: 1.399000 ms)

