Using pre-set license
Built from '2020.2/release' branch; Version is '2020.2.2f1 (068178b99f32) revision 426360'; Using compiler version '192528614'; Build Type 'Release'
OS: 'Windows 10 Home; OS build 19042.985; Version 2009; 64bit' Language: 'en' Physical Memory: 4013 MB
BatchMode: 1, IsHumanControllingUs: 0, StartBugReporterOnCrash: 0, Is64bit: 1, IsPro: 0

 COMMAND LINE ARGUMENTS:
C:\Program Files\Unity\Hub\Editor\2020.2.2f1\Editor\Unity.exe
-adb2
-batchMode
-noUpm
-name
AssetImportWorker0
-projectPath
C:/Users/KickyArtist/OneDrive/Dokumenti/GitHub/CA1-Katy-s-Adventure/Katy's Adventure
-logFile
Logs/AssetImportWorker0.log
-srvPort
49787
Successfully changed project path to: C:/Users/KickyArtist/OneDrive/Dokumenti/GitHub/CA1-Katy-s-Adventure/Katy's Adventure
C:/Users/KickyArtist/OneDrive/Dokumenti/GitHub/CA1-Katy-s-Adventure/Katy's Adventure
Using Asset Import Pipeline V2.
Refreshing native plugins compatible for Editor in 93.87 ms, found 0 plugins.
Preloading 0 native plugins for Editor in 0.00 ms.
Initialize engine version: 2020.2.2f1 (068178b99f32)
[Subsystems] Discovering subsystems at path C:/Program Files/Unity/Hub/Editor/2020.2.2f1/Editor/Data/Resources/UnitySubsystems
[Subsystems] Discovering subsystems at path C:/Users/KickyArtist/OneDrive/Dokumenti/GitHub/CA1-Katy-s-Adventure/Katy's Adventure/Assets
GfxDevice: creating device client; threaded=0
Direct3D:
    Version:  Direct3D 11.0 [level 11.1]
    Renderer: Intel(R) HD Graphics 615 (ID=0x591e)
    Vendor:   
    VRAM:     2006 MB
    Driver:   27.20.100.8682
Initialize mono
Mono path[0] = 'C:/Program Files/Unity/Hub/Editor/2020.2.2f1/Editor/Data/Managed'
Mono path[1] = 'C:/Program Files/Unity/Hub/Editor/2020.2.2f1/Editor/Data/MonoBleedingEdge/lib/mono/unityjit'
Mono config path = 'C:/Program Files/Unity/Hub/Editor/2020.2.2f1/Editor/Data/MonoBleedingEdge/etc'
Using monoOptions --debugger-agent=transport=dt_socket,embedding=1,server=y,suspend=n,address=127.0.0.1:56504
Begin MonoManager ReloadAssembly
Registering precompiled unity dll's ...
Register platform support module: C:/Program Files/Unity/Hub/Editor/2020.2.2f1/Editor/Data/PlaybackEngines/WindowsStandaloneSupport/UnityEditor.WindowsStandalone.Extensions.dll
Registered in 0.008013 seconds.
Native extension for WindowsStandalone target not found
Refreshing native plugins compatible for Editor in 141.40 ms, found 0 plugins.
Preloading 0 native plugins for Editor in 0.00 ms.
Invoked RoslynAnalysisRunner static constructor.
RoslynAnalysisRunner will not be running.
RoslynAnalysisRunner has terminated.
Mono: successfully reloaded assembly
- Completed reload, in 11.721 seconds
Platform modules already initialized, skipping
Registering precompiled user dll's ...
Registered in 0.005138 seconds.
Begin MonoManager ReloadAssembly
Native extension for WindowsStandalone target not found
Refreshing native plugins compatible for Editor in 2.28 ms, found 0 plugins.
Preloading 0 native plugins for Editor in 0.00 ms.
Invoked RoslynAnalysisRunner static constructor.
RoslynAnalysisRunner will not be running.
RoslynAnalysisRunner has terminated.
Mono: successfully reloaded assembly
- Completed reload, in  7.262 seconds
Platform modules already initialized, skipping
========================================================================
Worker process is ready to serve import requests
Launched and connected shader compiler UnityShaderCompiler.exe after 0.13 seconds
Refreshing native plugins compatible for Editor in 0.67 ms, found 0 plugins.
Preloading 0 native plugins for Editor in 0.00 ms.
Unloading 1105 Unused Serialized files (Serialized files now loaded: 0)
System memory in use before: 60.0 MB.
System memory in use after: 60.0 MB.

Unloading 9 unused Assets to reduce memory usage. Loaded Objects now: 1552.
Total: 6.723200 ms (FindLiveObjects: 0.494600 ms CreateObjectMapping: 0.142400 ms MarkObjects: 4.336200 ms  DeleteObjects: 1.746800 ms)

========================================================================
Received Import Request.
  path: Assets/Scenes/Adventure/NavMesh.asset
  artifactKey: Guid(a87d47b94aa1fd5449929b143551e1de) Importer(815301076,1909f56bfc062723c751e8b465ee728b)
Start importing Assets/Scenes/Adventure/NavMesh.asset using Guid(a87d47b94aa1fd5449929b143551e1de) Importer(815301076,1909f56bfc062723c751e8b465ee728b)  -> (artifact id: '28eb83e3eb36cd78bd24897f8fe76f20') in 0.172977 seconds
  Import took 0.181913 seconds .

========================================================================
Received Import Request.
  Time since last request: 0.004081 seconds.
  path: Assets/Scenes/Adventure wild version
  artifactKey: Guid(54917d0e9e7219a4e97c7872088598a6) Importer(815301076,1909f56bfc062723c751e8b465ee728b)
Start importing Assets/Scenes/Adventure wild version using Guid(54917d0e9e7219a4e97c7872088598a6) Importer(815301076,1909f56bfc062723c751e8b465ee728b)  -> (artifact id: '00e43c5ae5d98857f727a02f9e0f6c86') in 0.027794 seconds
  Import took 0.037656 seconds .

========================================================================
Received Import Request.
  Time since last request: 0.000919 seconds.
  path: Assets/Scenes/Adventure.unity
  artifactKey: Guid(ef2e369c2bf96bc4296e3282a106d96e) Importer(815301076,1909f56bfc062723c751e8b465ee728b)
Start importing Assets/Scenes/Adventure.unity using Guid(ef2e369c2bf96bc4296e3282a106d96e) Importer(815301076,1909f56bfc062723c751e8b465ee728b)  -> (artifact id: 'd39e706609dcebcbebe2c60f35c81836') in 0.018721 seconds
  Import took 0.040220 seconds .

========================================================================
Received Import Request.
  Time since last request: 0.001430 seconds.
  path: Assets/Scenes/Adventure
  artifactKey: Guid(de77b1ce47c6ecc4a9fa3fcbf31820cc) Importer(815301076,1909f56bfc062723c751e8b465ee728b)
Start importing Assets/Scenes/Adventure using Guid(de77b1ce47c6ecc4a9fa3fcbf31820cc) Importer(815301076,1909f56bfc062723c751e8b465ee728b)  -> (artifact id: '6fa850e84408ae77980403a880c2d557') in 0.034219 seconds
  Import took 0.049337 seconds .

========================================================================
Received Import Request.
  Time since last request: 0.000430 seconds.
  path: Assets/Scenes/Adventure wild version/NavMesh.asset
  artifactKey: Guid(3f0ed67ed5d92d946a7b7460c915442e) Importer(815301076,1909f56bfc062723c751e8b465ee728b)
Start importing Assets/Scenes/Adventure wild version/NavMesh.asset using Guid(3f0ed67ed5d92d946a7b7460c915442e) Importer(815301076,1909f56bfc062723c751e8b465ee728b)  -> (artifact id: 'ee02b2856e22b976d5b123d224a295d8') in 0.027205 seconds
  Import took 0.036108 seconds .

========================================================================
Received Prepare
Registering precompiled user dll's ...
Registered in 0.013269 seconds.
Begin MonoManager ReloadAssembly
Native extension for WindowsStandalone target not found
Refreshing native plugins compatible for Editor in 1.18 ms, found 0 plugins.
Preloading 0 native plugins for Editor in 0.00 ms.
Invoked RoslynAnalysisRunner static constructor.
RoslynAnalysisRunner will not be running.
RoslynAnalysisRunner has terminated.
Mono: successfully reloaded assembly
- Completed reload, in  8.756 seconds
Platform modules already initialized, skipping
Refreshing native plugins compatible for Editor in 0.54 ms, found 0 plugins.
Preloading 0 native plugins for Editor in 0.00 ms.
Unloading 1086 Unused Serialized files (Serialized files now loaded: 0)
System memory in use before: 59.3 MB.
System memory in use after: 59.4 MB.

Unloading 4 unused Assets to reduce memory usage. Loaded Objects now: 1554.
Total: 19.567100 ms (FindLiveObjects: 2.295100 ms CreateObjectMapping: 0.903900 ms MarkObjects: 16.309800 ms  DeleteObjects: 0.054300 ms)

========================================================================
Received Prepare
Registering precompiled user dll's ...
Registered in 0.002577 seconds.
Begin MonoManager ReloadAssembly
Native extension for WindowsStandalone target not found
Refreshing native plugins compatible for Editor in 0.63 ms, found 0 plugins.
Preloading 0 native plugins for Editor in 0.00 ms.
Invoked RoslynAnalysisRunner static constructor.
RoslynAnalysisRunner will not be running.
RoslynAnalysisRunner has terminated.
Mono: successfully reloaded assembly
- Completed reload, in  3.164 seconds
Platform modules already initialized, skipping
Refreshing native plugins compatible for Editor in 0.65 ms, found 0 plugins.
Preloading 0 native plugins for Editor in 0.00 ms.
Unloading 1086 Unused Serialized files (Serialized files now loaded: 0)
System memory in use before: 59.4 MB.
System memory in use after: 59.5 MB.

Unloading 4 unused Assets to reduce memory usage. Loaded Objects now: 1556.
Total: 6.124200 ms (FindLiveObjects: 0.370400 ms CreateObjectMapping: 0.603700 ms MarkObjects: 5.093800 ms  DeleteObjects: 0.053800 ms)

========================================================================
Received Prepare
Registering precompiled user dll's ...
Registered in 0.002981 seconds.
Begin MonoManager ReloadAssembly
Native extension for WindowsStandalone target not found
Refreshing native plugins compatible for Editor in 0.90 ms, found 0 plugins.
Preloading 0 native plugins for Editor in 0.00 ms.
Invoked RoslynAnalysisRunner static constructor.
RoslynAnalysisRunner will not be running.
RoslynAnalysisRunner has terminated.
Mono: successfully reloaded assembly
- Completed reload, in 55.418 seconds
Platform modules already initialized, skipping
Refreshing native plugins compatible for Editor in 0.59 ms, found 0 plugins.
Preloading 0 native plugins for Editor in 0.00 ms.
Unloading 1086 Unused Serialized files (Serialized files now loaded: 0)
System memory in use before: 60.3 MB.
System memory in use after: 60.4 MB.

Unloading 4 unused Assets to reduce memory usage. Loaded Objects now: 1558.
Total: 20.253500 ms (FindLiveObjects: 2.015400 ms CreateObjectMapping: 0.771500 ms MarkObjects: 17.403600 ms  DeleteObjects: 0.060000 ms)

========================================================================
Received Prepare
Registering precompiled user dll's ...
Registered in 0.288030 seconds.
Begin MonoManager ReloadAssembly
Native extension for WindowsStandalone target not found
Refreshing native plugins compatible for Editor in 1.45 ms, found 0 plugins.
Preloading 0 native plugins for Editor in 0.00 ms.
Invoked RoslynAnalysisRunner static constructor.
RoslynAnalysisRunner will not be running.
RoslynAnalysisRunner has terminated.
Mono: successfully reloaded assembly
- Completed reload, in 15.563 seconds
Platform modules already initialized, skipping
Refreshing native plugins compatible for Editor in 0.63 ms, found 0 plugins.
Preloading 0 native plugins for Editor in 0.00 ms.
Unloading 1086 Unused Serialized files (Serialized files now loaded: 0)
System memory in use before: 60.5 MB.
System memory in use after: 60.6 MB.

Unloading 4 unused Assets to reduce memory usage. Loaded Objects now: 1560.
Total: 34.167900 ms (FindLiveObjects: 0.417100 ms CreateObjectMapping: 0.242700 ms MarkObjects: 33.441600 ms  DeleteObjects: 0.062900 ms)

========================================================================
Received Prepare
Registering precompiled user dll's ...
Registered in 0.010800 seconds.
Begin MonoManager ReloadAssembly
Native extension for WindowsStandalone target not found
Refreshing native plugins compatible for Editor in 1.51 ms, found 0 plugins.
Preloading 0 native plugins for Editor in 0.00 ms.
Invoked RoslynAnalysisRunner static constructor.
RoslynAnalysisRunner will not be running.
RoslynAnalysisRunner has terminated.
Mono: successfully reloaded assembly
- Completed reload, in  6.026 seconds
Platform modules already initialized, skipping
Refreshing native plugins compatible for Editor in 1.40 ms, found 0 plugins.
Preloading 0 native plugins for Editor in 0.00 ms.
Unloading 1086 Unused Serialized files (Serialized files now loaded: 0)
System memory in use before: 60.2 MB.
System memory in use after: 60.3 MB.

Unloading 4 unused Assets to reduce memory usage. Loaded Objects now: 1562.
Total: 5.919600 ms (FindLiveObjects: 1.026800 ms CreateObjectMapping: 0.405900 ms MarkObjects: 4.443300 ms  DeleteObjects: 0.040900 ms)

========================================================================
Received Import Request.
  Time since last request: 1297.101086 seconds.
  path: Assets/Scripts/PlantAttack.cs
  artifactKey: Guid(1fe4a095ebc080e409c0795e108fcf85) Importer(815301076,1909f56bfc062723c751e8b465ee728b)
Start importing Assets/Scripts/PlantAttack.cs using Guid(1fe4a095ebc080e409c0795e108fcf85) Importer(815301076,1909f56bfc062723c751e8b465ee728b)  -> (artifact id: 'cbff52cc094a200f2eb565cc572f5e09') in 0.128748 seconds
  Import took 0.144920 seconds .

========================================================================
Received Prepare
Registering precompiled user dll's ...
Registered in 0.002492 seconds.
Begin MonoManager ReloadAssembly
Native extension for WindowsStandalone target not found
Refreshing native plugins compatible for Editor in 0.65 ms, found 0 plugins.
Preloading 0 native plugins for Editor in 0.00 ms.
Invoked RoslynAnalysisRunner static constructor.
RoslynAnalysisRunner will not be running.
RoslynAnalysisRunner has terminated.
Mono: successfully reloaded assembly
- Completed reload, in  4.325 seconds
Platform modules already initialized, skipping
Refreshing native plugins compatible for Editor in 0.79 ms, found 0 plugins.
Preloading 0 native plugins for Editor in 0.00 ms.
Unloading 1086 Unused Serialized files (Serialized files now loaded: 0)
System memory in use before: 60.5 MB.
System memory in use after: 60.6 MB.

Unloading 4 unused Assets to reduce memory usage. Loaded Objects now: 1564.
Total: 5.187600 ms (FindLiveObjects: 0.916900 ms CreateObjectMapping: 0.144900 ms MarkObjects: 4.066700 ms  DeleteObjects: 0.054200 ms)

========================================================================
Received Import Request.
  Time since last request: 707.805241 seconds.
  path: Assets/Animator
  artifactKey: Guid(47ae19badc99315418f95811797351fc) Importer(815301076,1909f56bfc062723c751e8b465ee728b)
Start importing Assets/Animator using Guid(47ae19badc99315418f95811797351fc) Importer(815301076,1909f56bfc062723c751e8b465ee728b)  -> (artifact id: '4294a79c7661701955f6d8aeca8e1577') in 0.445422 seconds
  Import took 0.719729 seconds .

========================================================================
Received Import Request.
  Time since last request: 11.945294 seconds.
  path: Assets/Animator/Anima.cs
  artifactKey: Guid(9e1cb085c11ac1946b6a4a81e49eab3c) Importer(815301076,1909f56bfc062723c751e8b465ee728b)
Start importing Assets/Animator/Anima.cs using Guid(9e1cb085c11ac1946b6a4a81e49eab3c) Importer(815301076,1909f56bfc062723c751e8b465ee728b)  -> (artifact id: '407249d4e61619d914bdef7748ff51c5') in 0.075612 seconds
  Import took 0.082688 seconds .

========================================================================
Received Prepare
Registering precompiled user dll's ...
Registered in 0.006636 seconds.
Begin MonoManager ReloadAssembly
Native extension for WindowsStandalone target not found
Refreshing native plugins compatible for Editor in 0.65 ms, found 0 plugins.
Preloading 0 native plugins for Editor in 0.00 ms.
Invoked RoslynAnalysisRunner static constructor.
RoslynAnalysisRunner will not be running.
RoslynAnalysisRunner has terminated.
Mono: successfully reloaded assembly
- Completed reload, in  3.151 seconds
Platform modules already initialized, skipping
Refreshing native plugins compatible for Editor in 0.60 ms, found 0 plugins.
Preloading 0 native plugins for Editor in 0.00 ms.
Unloading 1086 Unused Serialized files (Serialized files now loaded: 0)
System memory in use before: 60.1 MB.
System memory in use after: 60.2 MB.

Unloading 4 unused Assets to reduce memory usage. Loaded Objects now: 1566.
Total: 3.761600 ms (FindLiveObjects: 0.809500 ms CreateObjectMapping: 0.114700 ms MarkObjects: 2.787300 ms  DeleteObjects: 0.047300 ms)

========================================================================
Received Import Request.
  Time since last request: 71.702744 seconds.
  path: Assets/Animator/New Animator Controller.controller
  artifactKey: Guid(73cec633932fc06498d7fd9450531523) Importer(815301076,1909f56bfc062723c751e8b465ee728b)
Start importing Assets/Animator/New Animator Controller.controller using Guid(73cec633932fc06498d7fd9450531523) Importer(815301076,1909f56bfc062723c751e8b465ee728b)  -> (artifact id: 'df2aa4f70493f7c8e6d1cdf85c7913e8') in 0.140895 seconds
  Import took 0.146617 seconds .

========================================================================
Received Import Request.
  Time since last request: 8.204658 seconds.
  path: Assets/Animator/PlayerAnimator.controller
  artifactKey: Guid(73cec633932fc06498d7fd9450531523) Importer(815301076,1909f56bfc062723c751e8b465ee728b)
Start importing Assets/Animator/PlayerAnimator.controller using Guid(73cec633932fc06498d7fd9450531523) Importer(815301076,1909f56bfc062723c751e8b465ee728b)  -> (artifact id: '8be84c4648cdffb90f8593583a65ec62') in 0.065052 seconds
  Import took 0.076033 seconds .

========================================================================
Received Prepare
Registering precompiled user dll's ...
Registered in 0.007592 seconds.
Begin MonoManager ReloadAssembly
Native extension for WindowsStandalone target not found
Refreshing native plugins compatible for Editor in 0.62 ms, found 0 plugins.
Preloading 0 native plugins for Editor in 0.00 ms.
Invoked RoslynAnalysisRunner static constructor.
RoslynAnalysisRunner will not be running.
RoslynAnalysisRunner has terminated.
Mono: successfully reloaded assembly
- Completed reload, in  2.978 seconds
Platform modules already initialized, skipping
Refreshing native plugins compatible for Editor in 0.82 ms, found 0 plugins.
Preloading 0 native plugins for Editor in 0.00 ms.
Unloading 1086 Unused Serialized files (Serialized files now loaded: 0)
System memory in use before: 60.5 MB.
System memory in use after: 60.6 MB.

Unloading 4 unused Assets to reduce memory usage. Loaded Objects now: 1568.
Total: 4.694600 ms (FindLiveObjects: 0.384800 ms CreateObjectMapping: 0.106500 ms MarkObjects: 4.160300 ms  DeleteObjects: 0.040400 ms)

========================================================================
Received Prepare
Registering precompiled user dll's ...
Registered in 0.004518 seconds.
Begin MonoManager ReloadAssembly
Native extension for WindowsStandalone target not found
Refreshing native plugins compatible for Editor in 0.88 ms, found 0 plugins.
Preloading 0 native plugins for Editor in 0.00 ms.
Invoked RoslynAnalysisRunner static constructor.
RoslynAnalysisRunner will not be running.
RoslynAnalysisRunner has terminated.
Mono: successfully reloaded assembly
- Completed reload, in  4.846 seconds
Platform modules already initialized, skipping
Refreshing native plugins compatible for Editor in 0.79 ms, found 0 plugins.
Preloading 0 native plugins for Editor in 0.00 ms.
Unloading 1086 Unused Serialized files (Serialized files now loaded: 0)
System memory in use before: 60.1 MB.
System memory in use after: 60.2 MB.

Unloading 4 unused Assets to reduce memory usage. Loaded Objects now: 1570.
Total: 7.752400 ms (FindLiveObjects: 0.313200 ms CreateObjectMapping: 0.096800 ms MarkObjects: 7.198000 ms  DeleteObjects: 0.141000 ms)

========================================================================
Received Import Request.
  Time since last request: 823.654156 seconds.
  path: Assets/AnimeGirls/Casual1
  artifactKey: Guid(627897e93ade94948bf4796ce71fa87f) Importer(815301076,1909f56bfc062723c751e8b465ee728b)
Start importing Assets/AnimeGirls/Casual1 using Guid(627897e93ade94948bf4796ce71fa87f) Importer(815301076,1909f56bfc062723c751e8b465ee728b)  -> (artifact id: '71579a662e53f46f6534e8173764bd7b') in 0.096400 seconds
  Import took 0.111382 seconds .

========================================================================
Received Import Request.
  Time since last request: 0.020691 seconds.
  path: Assets/AnimeGirls/Casual1
  artifactKey: Guid(627897e93ade94948bf4796ce71fa87f) Importer(815301076,1909f56bfc062723c751e8b465ee728b)
Start importing Assets/AnimeGirls/Casual1 using Guid(627897e93ade94948bf4796ce71fa87f) Importer(815301076,1909f56bfc062723c751e8b465ee728b)  -> (artifact id: '71579a662e53f46f6534e8173764bd7b') in 0.037779 seconds
  Import took 0.053373 seconds .

========================================================================
Received Import Request.
  Time since last request: 0.963446 seconds.
  path: Assets/AnimeGirls/Casual1/SourceFiles
  artifactKey: Guid(489092b80ea7da04c81daa2f9f68e58b) Importer(815301076,1909f56bfc062723c751e8b465ee728b)
Start importing Assets/AnimeGirls/Casual1/SourceFiles using Guid(489092b80ea7da04c81daa2f9f68e58b) Importer(815301076,1909f56bfc062723c751e8b465ee728b)  -> (artifact id: 'de9194856588f3743e7432b82e4696a1') in 0.082622 seconds
  Import took 0.094401 seconds .

========================================================================
Received Import Request.
  Time since last request: 1.867520 seconds.
  path: Assets/AnimeGirls/Casual1/SourceFiles/Texture
  artifactKey: Guid(f0d0435794e0355479b752a628a6d438) Importer(815301076,1909f56bfc062723c751e8b465ee728b)
Start importing Assets/AnimeGirls/Casual1/SourceFiles/Texture using Guid(f0d0435794e0355479b752a628a6d438) Importer(815301076,1909f56bfc062723c751e8b465ee728b)  -> (artifact id: 'efcad1b206c915fc5d89a1b401e08e16') in 0.088703 seconds
  Import took 0.097996 seconds .

========================================================================
Received Import Request.
  Time since last request: 3.850467 seconds.
  path: Assets/AnimeGirls/Casual1/SourceFiles/Mesh
  artifactKey: Guid(1fd970b491fd0654ab2efe3479d89829) Importer(815301076,1909f56bfc062723c751e8b465ee728b)
Start importing Assets/AnimeGirls/Casual1/SourceFiles/Mesh using Guid(1fd970b491fd0654ab2efe3479d89829) Importer(815301076,1909f56bfc062723c751e8b465ee728b)  -> (artifact id: 'a842bc6684ba6e052b3e31eb4f9ee217') in 0.074835 seconds
  Import took 0.091785 seconds .

========================================================================
Received Import Request.
  Time since last request: 0.014192 seconds.
  path: Assets/AnimeGirls/Casual1/SourceFiles/Mesh
  artifactKey: Guid(1fd970b491fd0654ab2efe3479d89829) Importer(815301076,1909f56bfc062723c751e8b465ee728b)
Start importing Assets/AnimeGirls/Casual1/SourceFiles/Mesh using Guid(1fd970b491fd0654ab2efe3479d89829) Importer(815301076,1909f56bfc062723c751e8b465ee728b)  -> (artifact id: 'a842bc6684ba6e052b3e31eb4f9ee217') in 0.060409 seconds
  Import took 0.086139 seconds .

========================================================================
Received Import Request.
  Time since last request: 8.279720 seconds.
  path: Assets/AnimeGirls/BaseCharacter
  artifactKey: Guid(7e6aef82b559af64c9b699321cbcce90) Importer(815301076,1909f56bfc062723c751e8b465ee728b)
Start importing Assets/AnimeGirls/BaseCharacter using Guid(7e6aef82b559af64c9b699321cbcce90) Importer(815301076,1909f56bfc062723c751e8b465ee728b)  -> (artifact id: 'bd589ffdabe8a9c2e9f406d8575bc977') in 0.056488 seconds
  Import took 0.067352 seconds .

========================================================================
Received Import Request.
  Time since last request: 0.842526 seconds.
  path: Assets/AnimeGirls/BaseCharacter/Underwear1.prefab
  artifactKey: Guid(1733e098fdf8a9447bda920a3e41b14e) Importer(815301076,1909f56bfc062723c751e8b465ee728b)
Start importing Assets/AnimeGirls/BaseCharacter/Underwear1.prefab using Guid(1733e098fdf8a9447bda920a3e41b14e) Importer(815301076,1909f56bfc062723c751e8b465ee728b)  -> (artifact id: '3393886debc9e774dfdc70a9b64d71fc') in 0.933070 seconds
  Import took 0.943908 seconds .

========================================================================
Received Import Request.
  Time since last request: 5.970793 seconds.
  path: Assets/AnimeGirls/BaseCharacter/Demo files
  artifactKey: Guid(c23e212718ab6714cacf61e3305075d1) Importer(815301076,1909f56bfc062723c751e8b465ee728b)
Start importing Assets/AnimeGirls/BaseCharacter/Demo files using Guid(c23e212718ab6714cacf61e3305075d1) Importer(815301076,1909f56bfc062723c751e8b465ee728b)  -> (artifact id: '345753da4df512ba7587cfee71d6c997') in 0.058187 seconds
  Import took 0.073469 seconds .

========================================================================
Received Import Request.
  Time since last request: 1.003756 seconds.
  path: Assets/AnimeGirls/BaseCharacter/BaseCharacter
  artifactKey: Guid(f9f9e92d49849014386e7cdb245c993f) Importer(815301076,1909f56bfc062723c751e8b465ee728b)
Start importing Assets/AnimeGirls/BaseCharacter/BaseCharacter using Guid(f9f9e92d49849014386e7cdb245c993f) Importer(815301076,1909f56bfc062723c751e8b465ee728b)  -> (artifact id: 'f16391b9b908bee6eeeea398f29d94b6') in 0.060559 seconds
  Import took 0.072803 seconds .

========================================================================
Received Import Request.
  Time since last request: 0.625474 seconds.
  path: Assets/AnimeGirls/BaseCharacter/BaseCharacter/Sourcefiles
  artifactKey: Guid(3ee06154672a6f945b79158f4e51f142) Importer(815301076,1909f56bfc062723c751e8b465ee728b)
Start importing Assets/AnimeGirls/BaseCharacter/BaseCharacter/Sourcefiles using Guid(3ee06154672a6f945b79158f4e51f142) Importer(815301076,1909f56bfc062723c751e8b465ee728b)  -> (artifact id: '0b9130fb6af1cb5efb66de4e80a17213') in 0.111941 seconds
  Import took 0.126374 seconds .

========================================================================
Received Import Request.
  Time since last request: 1.784358 seconds.
  path: Assets/AnimeGirls/BaseCharacter/BaseCharacter/Sourcefiles/Tex
  artifactKey: Guid(8bc06b1b2d856df4ab0e9a3152609006) Importer(815301076,1909f56bfc062723c751e8b465ee728b)
Start importing Assets/AnimeGirls/BaseCharacter/BaseCharacter/Sourcefiles/Tex using Guid(8bc06b1b2d856df4ab0e9a3152609006) Importer(815301076,1909f56bfc062723c751e8b465ee728b)  -> (artifact id: '2fc62805655587cbcdde95207b64d9f1') in 0.056555 seconds
  Import took 0.067514 seconds .

========================================================================
Received Import Request.
  Time since last request: 0.565505 seconds.
  path: Assets/AnimeGirls/BaseCharacter/BaseCharacter/Sourcefiles/Shader
  artifactKey: Guid(0b39e08c1c82d7f4da861fe24255467d) Importer(815301076,1909f56bfc062723c751e8b465ee728b)
Start importing Assets/AnimeGirls/BaseCharacter/BaseCharacter/Sourcefiles/Shader using Guid(0b39e08c1c82d7f4da861fe24255467d) Importer(815301076,1909f56bfc062723c751e8b465ee728b)  -> (artifact id: '02f195ce7f7abd0cca958835d16d384e') in 0.056400 seconds
  Import took 0.066236 seconds .

========================================================================
Received Import Request.
  Time since last request: 0.983501 seconds.
  path: Assets/AnimeGirls/BaseCharacter/BaseCharacter/Sourcefiles/Mat
  artifactKey: Guid(b6ba44cc5b0eb964c9eb32950980bd32) Importer(815301076,1909f56bfc062723c751e8b465ee728b)
Start importing Assets/AnimeGirls/BaseCharacter/BaseCharacter/Sourcefiles/Mat using Guid(b6ba44cc5b0eb964c9eb32950980bd32) Importer(815301076,1909f56bfc062723c751e8b465ee728b)  -> (artifact id: 'a7aa68413f19f2fd10b2105a24dfda23') in 0.059474 seconds
  Import took 0.069272 seconds .

========================================================================
Received Import Request.
  Time since last request: 8.939069 seconds.
  path: Assets/AnimeGirls/BaseCharacter/BaseCharacter/Sourcefiles/Tex/Tex_Body.png
  artifactKey: Guid(33ae753ae5250b64b8518d1412278dc9) Importer(815301076,1909f56bfc062723c751e8b465ee728b)
Start importing Assets/AnimeGirls/BaseCharacter/BaseCharacter/Sourcefiles/Tex/Tex_Body.png using Guid(33ae753ae5250b64b8518d1412278dc9) Importer(815301076,1909f56bfc062723c751e8b465ee728b)  -> (artifact id: 'c888e9bf6aba00018748eadd59871739') in 0.395495 seconds
  Import took 0.411967 seconds .

========================================================================
Received Import Request.
  Time since last request: 0.001995 seconds.
  path: Assets/AnimeGirls/BaseCharacter/BaseCharacter/Sourcefiles/Tex/Tex_Hair5_head.png
  artifactKey: Guid(d6a30f92d6a124c44a8d69684056cf42) Importer(815301076,1909f56bfc062723c751e8b465ee728b)
Start importing Assets/AnimeGirls/BaseCharacter/BaseCharacter/Sourcefiles/Tex/Tex_Hair5_head.png using Guid(d6a30f92d6a124c44a8d69684056cf42) Importer(815301076,1909f56bfc062723c751e8b465ee728b)  -> (artifact id: '6b93dfc8b6b7b47aceee94f216f00912') in 0.126704 seconds
  Import took 0.132088 seconds .

========================================================================
Received Import Request.
  Time since last request: 0.000369 seconds.
  path: Assets/AnimeGirls/BaseCharacter/BaseCharacter/Sourcefiles/Tex/Tex_Face_makeup.png
  artifactKey: Guid(3a571e842be92854c8e1e5e1ac0cd2d7) Importer(815301076,1909f56bfc062723c751e8b465ee728b)
Start importing Assets/AnimeGirls/BaseCharacter/BaseCharacter/Sourcefiles/Tex/Tex_Face_makeup.png using Guid(3a571e842be92854c8e1e5e1ac0cd2d7) Importer(815301076,1909f56bfc062723c751e8b465ee728b)  -> (artifact id: '87bf2fe93abbe62884d024293e2d9e5a') in 0.152386 seconds
  Import took 0.158133 seconds .

========================================================================
Received Import Request.
  Time since last request: 0.000529 seconds.
  path: Assets/AnimeGirls/BaseCharacter/BaseCharacter/Sourcefiles/Tex/Tex_underwear_2.png
  artifactKey: Guid(22e4f33bce492a64c8d2f4266d13c241) Importer(815301076,1909f56bfc062723c751e8b465ee728b)
Start importing Assets/AnimeGirls/BaseCharacter/BaseCharacter/Sourcefiles/Tex/Tex_underwear_2.png using Guid(22e4f33bce492a64c8d2f4266d13c241) Importer(815301076,1909f56bfc062723c751e8b465ee728b)  -> (artifact id: 'e6578c98b75a42a9c9273529f153e70b') in 0.177224 seconds
  Import took 0.191355 seconds .

========================================================================
Received Import Request.
  Time since last request: 0.000443 seconds.
  path: Assets/AnimeGirls/BaseCharacter/BaseCharacter/Sourcefiles/Tex/Tex_Hair4_head.png
  artifactKey: Guid(e1465639d7246b84b8635491c7ffeaec) Importer(815301076,1909f56bfc062723c751e8b465ee728b)
Start importing Assets/AnimeGirls/BaseCharacter/BaseCharacter/Sourcefiles/Tex/Tex_Hair4_head.png using Guid(e1465639d7246b84b8635491c7ffeaec) Importer(815301076,1909f56bfc062723c751e8b465ee728b)  -> (artifact id: '4779234e449ca36669f50f03e8b4e9e2') in 0.149645 seconds
  Import took 0.156016 seconds .

========================================================================
Received Import Request.
  Time since last request: 0.000478 seconds.
  path: Assets/AnimeGirls/BaseCharacter/BaseCharacter/Sourcefiles/Tex/Tex_Eyelashes.png
  artifactKey: Guid(437943a3b8830dc4d913be00a926114d) Importer(815301076,1909f56bfc062723c751e8b465ee728b)
Start importing Assets/AnimeGirls/BaseCharacter/BaseCharacter/Sourcefiles/Tex/Tex_Eyelashes.png using Guid(437943a3b8830dc4d913be00a926114d) Importer(815301076,1909f56bfc062723c751e8b465ee728b)  -> (artifact id: '1ad7a0d8a1d579c5fee8db83d8f04066') in 0.121331 seconds
  Import took 0.141028 seconds .

========================================================================
Received Import Request.
  Time since last request: 0.000522 seconds.
  path: Assets/AnimeGirls/BaseCharacter/BaseCharacter/Sourcefiles/Tex/Tex_underwear_1.png
  artifactKey: Guid(68812920ec2796e4894cb2957e3d920c) Importer(815301076,1909f56bfc062723c751e8b465ee728b)
Start importing Assets/AnimeGirls/BaseCharacter/BaseCharacter/Sourcefiles/Tex/Tex_underwear_1.png using Guid(68812920ec2796e4894cb2957e3d920c) Importer(815301076,1909f56bfc062723c751e8b465ee728b)  -> (artifact id: 'b16fee53f096481d9b2fb180c26b7232') in 0.118706 seconds
  Import took 0.132014 seconds .

========================================================================
Received Import Request.
  Time since last request: 0.000515 seconds.
  path: Assets/AnimeGirls/BaseCharacter/BaseCharacter/Sourcefiles/Tex/Tex_Hair2_head.png
  artifactKey: Guid(051f3414ac172e84babdb73cdc3c832a) Importer(815301076,1909f56bfc062723c751e8b465ee728b)
Start importing Assets/AnimeGirls/BaseCharacter/BaseCharacter/Sourcefiles/Tex/Tex_Hair2_head.png using Guid(051f3414ac172e84babdb73cdc3c832a) Importer(815301076,1909f56bfc062723c751e8b465ee728b)  -> (artifact id: 'cca012e5377d8111f132f430ce4828e6') in 0.163029 seconds
  Import took 0.182433 seconds .

========================================================================
Received Import Request.
  Time since last request: 0.013339 seconds.
  path: Assets/AnimeGirls/BaseCharacter/BaseCharacter/Sourcefiles/Tex/Tex_EyeReflection.png
  artifactKey: Guid(069ab9513901678428ac108cea95a855) Importer(815301076,1909f56bfc062723c751e8b465ee728b)
Start importing Assets/AnimeGirls/BaseCharacter/BaseCharacter/Sourcefiles/Tex/Tex_EyeReflection.png using Guid(069ab9513901678428ac108cea95a855) Importer(815301076,1909f56bfc062723c751e8b465ee728b)  -> (artifact id: 'd175ef21df12022af6c6931acb155d26') in 0.127523 seconds
  Import took 0.135207 seconds .

========================================================================
Received Import Request.
  Time since last request: 0.001017 seconds.
  path: Assets/AnimeGirls/BaseCharacter/BaseCharacter/Sourcefiles/Tex/Tex_EyeWhite.png
  artifactKey: Guid(97fc1e569c53ac1458a897847c13efd6) Importer(815301076,1909f56bfc062723c751e8b465ee728b)
Start importing Assets/AnimeGirls/BaseCharacter/BaseCharacter/Sourcefiles/Tex/Tex_EyeWhite.png using Guid(97fc1e569c53ac1458a897847c13efd6) Importer(815301076,1909f56bfc062723c751e8b465ee728b)  -> (artifact id: '488147824598b454fa3a26a31e4386d3') in 0.120401 seconds
  Import took 0.132367 seconds .

========================================================================
Received Import Request.
  Time since last request: 0.000540 seconds.
  path: Assets/AnimeGirls/BaseCharacter/BaseCharacter/Sourcefiles/Tex/Tex_Eyebrows.png
  artifactKey: Guid(64a26877ab9953548876b6dcad8bbb0d) Importer(815301076,1909f56bfc062723c751e8b465ee728b)
Start importing Assets/AnimeGirls/BaseCharacter/BaseCharacter/Sourcefiles/Tex/Tex_Eyebrows.png using Guid(64a26877ab9953548876b6dcad8bbb0d) Importer(815301076,1909f56bfc062723c751e8b465ee728b)  -> (artifact id: '4787b7b0d9cf9181705289323358511d') in 0.113947 seconds
  Import took 0.130467 seconds .

========================================================================
Received Import Request.
  Time since last request: 0.000538 seconds.
  path: Assets/AnimeGirls/BaseCharacter/BaseCharacter/Sourcefiles/Tex/Tex_Eyeliner.png
  artifactKey: Guid(40654ecb795598a448c76508bf5efa2f) Importer(815301076,1909f56bfc062723c751e8b465ee728b)
Start importing Assets/AnimeGirls/BaseCharacter/BaseCharacter/Sourcefiles/Tex/Tex_Eyeliner.png using Guid(40654ecb795598a448c76508bf5efa2f) Importer(815301076,1909f56bfc062723c751e8b465ee728b)  -> (artifact id: '0513d75c5e7060e1072d15eebb66d9ec') in 0.135439 seconds
  Import took 0.169190 seconds .

========================================================================
Received Import Request.
  Time since last request: 0.037583 seconds.
  path: Assets/AnimeGirls/BaseCharacter/BaseCharacter/Sourcefiles/Tex/Tex_Hair3_hair.png
  artifactKey: Guid(d12f3944f9b15d54cb90d8fe114dc73e) Importer(815301076,1909f56bfc062723c751e8b465ee728b)
Start importing Assets/AnimeGirls/BaseCharacter/BaseCharacter/Sourcefiles/Tex/Tex_Hair3_hair.png using Guid(d12f3944f9b15d54cb90d8fe114dc73e) Importer(815301076,1909f56bfc062723c751e8b465ee728b)  -> (artifact id: '0c816e83a919a82e1d3900fbf559d485') in 0.123072 seconds
  Import took 0.132569 seconds .

========================================================================
Received Import Request.
  Time since last request: 0.012469 seconds.
  path: Assets/AnimeGirls/BaseCharacter/BaseCharacter/Sourcefiles/Tex/Tex_Mouth.png
  artifactKey: Guid(afcebc1f40668274fbb842430ff85d43) Importer(815301076,1909f56bfc062723c751e8b465ee728b)
Start importing Assets/AnimeGirls/BaseCharacter/BaseCharacter/Sourcefiles/Tex/Tex_Mouth.png using Guid(afcebc1f40668274fbb842430ff85d43) Importer(815301076,1909f56bfc062723c751e8b465ee728b)  -> (artifact id: '0a32f95e6bf5aa1237c6ff9274bff7a7') in 0.154273 seconds
  Import took 0.160800 seconds .

========================================================================
Received Import Request.
  Time since last request: 0.000550 seconds.
  path: Assets/AnimeGirls/BaseCharacter/BaseCharacter/Sourcefiles/Tex/Tex_Hair2_hair.png
  artifactKey: Guid(40b9f7d27e1400446b4974381efc1adb) Importer(815301076,1909f56bfc062723c751e8b465ee728b)
Start importing Assets/AnimeGirls/BaseCharacter/BaseCharacter/Sourcefiles/Tex/Tex_Hair2_hair.png using Guid(40b9f7d27e1400446b4974381efc1adb) Importer(815301076,1909f56bfc062723c751e8b465ee728b)  -> (artifact id: 'fe5b16d643980833e441f1f7094dbb8c') in 0.128777 seconds
  Import took 0.159629 seconds .

========================================================================
Received Import Request.
  Time since last request: 0.000643 seconds.
  path: Assets/AnimeGirls/BaseCharacter/BaseCharacter/Sourcefiles/Tex/Tex_Hair3_head.png
  artifactKey: Guid(aeb82eb584a692e4eb3a784eb4e15148) Importer(815301076,1909f56bfc062723c751e8b465ee728b)
Start importing Assets/AnimeGirls/BaseCharacter/BaseCharacter/Sourcefiles/Tex/Tex_Hair3_head.png using Guid(aeb82eb584a692e4eb3a784eb4e15148) Importer(815301076,1909f56bfc062723c751e8b465ee728b)  -> (artifact id: '89848ef4435001560ee6e6a0e97deb35') in 0.124195 seconds
  Import took 0.141731 seconds .

========================================================================
Received Import Request.
  Time since last request: 0.009313 seconds.
  path: Assets/AnimeGirls/BaseCharacter/BaseCharacter/Sourcefiles/Tex/Tex_Hair4_hair.png
  artifactKey: Guid(d16115a9ba9d5814694445e6eb4a5e04) Importer(815301076,1909f56bfc062723c751e8b465ee728b)
Start importing Assets/AnimeGirls/BaseCharacter/BaseCharacter/Sourcefiles/Tex/Tex_Hair4_hair.png using Guid(d16115a9ba9d5814694445e6eb4a5e04) Importer(815301076,1909f56bfc062723c751e8b465ee728b)  -> (artifact id: '63143750ccc6d9c6c4f92dc8dc482ea0') in 0.164577 seconds
  Import took 0.173836 seconds .

========================================================================
Received Import Request.
  Time since last request: 0.000618 seconds.
  path: Assets/AnimeGirls/BaseCharacter/BaseCharacter/Sourcefiles/Tex/Tex_Hair1_head.png
  artifactKey: Guid(306bd9a3a9617b6438a3b9d67ee2505c) Importer(815301076,1909f56bfc062723c751e8b465ee728b)
Start importing Assets/AnimeGirls/BaseCharacter/BaseCharacter/Sourcefiles/Tex/Tex_Hair1_head.png using Guid(306bd9a3a9617b6438a3b9d67ee2505c) Importer(815301076,1909f56bfc062723c751e8b465ee728b)  -> (artifact id: '015a1133ccc3512ec9cd53a887e6bcda') in 0.161695 seconds
  Import took 0.182423 seconds .

========================================================================
Received Import Request.
  Time since last request: 0.000974 seconds.
  path: Assets/AnimeGirls/BaseCharacter/BaseCharacter/Sourcefiles/Tex/Tex_Hair1_hair.png
  artifactKey: Guid(6d19fd0a3cb6d884b9486bc2c75bc7f0) Importer(815301076,1909f56bfc062723c751e8b465ee728b)
Start importing Assets/AnimeGirls/BaseCharacter/BaseCharacter/Sourcefiles/Tex/Tex_Hair1_hair.png using Guid(6d19fd0a3cb6d884b9486bc2c75bc7f0) Importer(815301076,1909f56bfc062723c751e8b465ee728b)  -> (artifact id: 'b4c443d1cdfc6c01d5261805354709ff') in 0.161784 seconds
  Import took 0.182958 seconds .

========================================================================
Received Import Request.
  Time since last request: 0.012124 seconds.
  path: Assets/AnimeGirls/BaseCharacter/BaseCharacter/Sourcefiles/Tex/Tex_Eyes.png
  artifactKey: Guid(7320534fbd4110341a14a499362e9c46) Importer(815301076,1909f56bfc062723c751e8b465ee728b)
Start importing Assets/AnimeGirls/BaseCharacter/BaseCharacter/Sourcefiles/Tex/Tex_Eyes.png using Guid(7320534fbd4110341a14a499362e9c46) Importer(815301076,1909f56bfc062723c751e8b465ee728b)  -> (artifact id: '612f7c42b56fd1437526774e8d856781') in 0.115826 seconds
  Import took 0.122778 seconds .

========================================================================
Received Import Request.
  Time since last request: 0.000504 seconds.
  path: Assets/AnimeGirls/BaseCharacter/BaseCharacter/Sourcefiles/Tex/Tex_Hair5_hair.png
  artifactKey: Guid(6a800db2ae2e2654cb3cdbe75bcfb321) Importer(815301076,1909f56bfc062723c751e8b465ee728b)
Start importing Assets/AnimeGirls/BaseCharacter/BaseCharacter/Sourcefiles/Tex/Tex_Hair5_hair.png using Guid(6a800db2ae2e2654cb3cdbe75bcfb321) Importer(815301076,1909f56bfc062723c751e8b465ee728b)  -> (artifact id: '551d394d158d7606717cb071c6f1435c') in 0.131589 seconds
  Import took 0.154739 seconds .

========================================================================
Received Import Request.
  Time since last request: 0.000522 seconds.
  path: Assets/AnimeGirls/BaseCharacter/BaseCharacter/Sourcefiles/Tex/Tex_Face.png
  artifactKey: Guid(c247e86b94f92384ab47aab540ea1248) Importer(815301076,1909f56bfc062723c751e8b465ee728b)
Start importing Assets/AnimeGirls/BaseCharacter/BaseCharacter/Sourcefiles/Tex/Tex_Face.png using Guid(c247e86b94f92384ab47aab540ea1248) Importer(815301076,1909f56bfc062723c751e8b465ee728b)  -> (artifact id: '040cd11746c5f05b27484138c9377db1') in 0.133809 seconds
  Import took 0.156140 seconds .

========================================================================
Received Import Request.
  Time since last request: 1.332966 seconds.
  path: Assets/AnimeGirls/BaseCharacter/BaseCharacter/Sourcefiles/Mat/Body.mat
  artifactKey: Guid(8e526af249278a0498ce8273e07fcc49) Importer(815301076,1909f56bfc062723c751e8b465ee728b)
Start importing Assets/AnimeGirls/BaseCharacter/BaseCharacter/Sourcefiles/Mat/Body.mat using Guid(8e526af249278a0498ce8273e07fcc49) Importer(815301076,1909f56bfc062723c751e8b465ee728b)  -> (artifact id: 'd878886ebfc1eed5f8138c22b6f814f1') in 0.211711 seconds
  Import took 0.220100 seconds .

========================================================================
Received Import Request.
  Time since last request: 0.002914 seconds.
  path: Assets/AnimeGirls/BaseCharacter/BaseCharacter/Sourcefiles/Mat/Hair_head.mat
  artifactKey: Guid(903deec0895457d43a093ac8ee3e1d97) Importer(815301076,1909f56bfc062723c751e8b465ee728b)
Start importing Assets/AnimeGirls/BaseCharacter/BaseCharacter/Sourcefiles/Mat/Hair_head.mat using Guid(903deec0895457d43a093ac8ee3e1d97) Importer(815301076,1909f56bfc062723c751e8b465ee728b)  -> (artifact id: 'ab635632992b2e26e1c8d42cbc82c4d3') in 0.120105 seconds
  Import took 0.140431 seconds .

========================================================================
Received Import Request.
  Time since last request: 0.009623 seconds.
  path: Assets/AnimeGirls/BaseCharacter/BaseCharacter/Sourcefiles/Mat/Mat_Hair_4_head.mat
  artifactKey: Guid(33f16960b5faae741a694a6018f8f68d) Importer(815301076,1909f56bfc062723c751e8b465ee728b)
Start importing Assets/AnimeGirls/BaseCharacter/BaseCharacter/Sourcefiles/Mat/Mat_Hair_4_head.mat using Guid(33f16960b5faae741a694a6018f8f68d) Importer(815301076,1909f56bfc062723c751e8b465ee728b)  -> (artifact id: '43652aadc9418df79b3ce44c85961f6e') in 0.129475 seconds
  Import took 0.141077 seconds .

========================================================================
Received Import Request.
  Time since last request: 0.000365 seconds.
  path: Assets/AnimeGirls/BaseCharacter/BaseCharacter/Sourcefiles/Mat/EyeBack.mat
  artifactKey: Guid(b97b55ed446d8ed48acc18d42edf2de0) Importer(815301076,1909f56bfc062723c751e8b465ee728b)
Start importing Assets/AnimeGirls/BaseCharacter/BaseCharacter/Sourcefiles/Mat/EyeBack.mat using Guid(b97b55ed446d8ed48acc18d42edf2de0) Importer(815301076,1909f56bfc062723c751e8b465ee728b)  -> (artifact id: '23ec2188f2b4fb954cd51c06957e7da7') in 0.111870 seconds
  Import took 0.127561 seconds .

========================================================================
Received Import Request.
  Time since last request: 0.000963 seconds.
  path: Assets/AnimeGirls/BaseCharacter/BaseCharacter/Sourcefiles/Mat/Mat_Hair_2_head.mat
  artifactKey: Guid(a5046b7e2e9bd10459e090170ab26f07) Importer(815301076,1909f56bfc062723c751e8b465ee728b)
Start importing Assets/AnimeGirls/BaseCharacter/BaseCharacter/Sourcefiles/Mat/Mat_Hair_2_head.mat using Guid(a5046b7e2e9bd10459e090170ab26f07) Importer(815301076,1909f56bfc062723c751e8b465ee728b)  -> (artifact id: 'fd41495d7f437684a80ba4ba6c820a03') in 0.129840 seconds
  Import took 0.149575 seconds .

========================================================================
Received Import Request.
  Time since last request: 0.000405 seconds.
  path: Assets/AnimeGirls/BaseCharacter/BaseCharacter/Sourcefiles/Mat/Mat_EyeReflection.mat
  artifactKey: Guid(1b5c7ed19ffba894c8cea260f2347c40) Importer(815301076,1909f56bfc062723c751e8b465ee728b)
Start importing Assets/AnimeGirls/BaseCharacter/BaseCharacter/Sourcefiles/Mat/Mat_EyeReflection.mat using Guid(1b5c7ed19ffba894c8cea260f2347c40) Importer(815301076,1909f56bfc062723c751e8b465ee728b)  -> (artifact id: 'a72d2f99619be873d8b404b248b90d5f') in 0.133695 seconds
  Import took 0.140117 seconds .

========================================================================
Received Import Request.
  Time since last request: 0.000483 seconds.
  path: Assets/AnimeGirls/BaseCharacter/BaseCharacter/Sourcefiles/Mat/Eyelashes.mat
  artifactKey: Guid(29c9dd3707158b2448cc0bdf81c33ce8) Importer(815301076,1909f56bfc062723c751e8b465ee728b)
Start importing Assets/AnimeGirls/BaseCharacter/BaseCharacter/Sourcefiles/Mat/Eyelashes.mat using Guid(29c9dd3707158b2448cc0bdf81c33ce8) Importer(815301076,1909f56bfc062723c751e8b465ee728b)  -> (artifact id: '21c06c526068772283aca5664a0ebdb4') in 0.116901 seconds
  Import took 0.130079 seconds .

========================================================================
Received Import Request.
  Time since last request: 0.000735 seconds.
  path: Assets/AnimeGirls/BaseCharacter/BaseCharacter/Sourcefiles/Mat/Mat_underwear_2.mat
  artifactKey: Guid(5869b0877c9aac0429ded83b64254243) Importer(815301076,1909f56bfc062723c751e8b465ee728b)
Start importing Assets/AnimeGirls/BaseCharacter/BaseCharacter/Sourcefiles/Mat/Mat_underwear_2.mat using Guid(5869b0877c9aac0429ded83b64254243) Importer(815301076,1909f56bfc062723c751e8b465ee728b)  -> (artifact id: '5213f08e16afa71134c7547f0818c2ef') in 0.172780 seconds
  Import took 0.191158 seconds .

========================================================================
Received Import Request.
  Time since last request: 0.009237 seconds.
  path: Assets/AnimeGirls/BaseCharacter/BaseCharacter/Sourcefiles/Mat/Mat_Hair_1_hair.mat
  artifactKey: Guid(99a79f6de2825ec4bb471ef12eee8b52) Importer(815301076,1909f56bfc062723c751e8b465ee728b)
Start importing Assets/AnimeGirls/BaseCharacter/BaseCharacter/Sourcefiles/Mat/Mat_Hair_1_hair.mat using Guid(99a79f6de2825ec4bb471ef12eee8b52) Importer(815301076,1909f56bfc062723c751e8b465ee728b)  -> (artifact id: '6edae1f647b7b38593972b610e009c3a') in 0.157551 seconds
  Import took 0.165404 seconds .

========================================================================
Received Import Request.
  Time since last request: 0.017759 seconds.
  path: Assets/AnimeGirls/BaseCharacter/BaseCharacter/Sourcefiles/Mat/Mat_Hair_3_hair.mat
  artifactKey: Guid(ac66396422b86cb4c92dad11a754d445) Importer(815301076,1909f56bfc062723c751e8b465ee728b)
Start importing Assets/AnimeGirls/BaseCharacter/BaseCharacter/Sourcefiles/Mat/Mat_Hair_3_hair.mat using Guid(ac66396422b86cb4c92dad11a754d445) Importer(815301076,1909f56bfc062723c751e8b465ee728b)  -> (artifact id: '95afaf5fb34699a6aa64e27407db8972') in 0.137096 seconds
  Import took 0.154453 seconds .

========================================================================
Received Import Request.
  Time since last request: 0.000561 seconds.
  path: Assets/AnimeGirls/BaseCharacter/BaseCharacter/Sourcefiles/Mat/Eyebrows.mat
  artifactKey: Guid(aa86a0f3e62852142bfc3a5d4cd7a828) Importer(815301076,1909f56bfc062723c751e8b465ee728b)
Start importing Assets/AnimeGirls/BaseCharacter/BaseCharacter/Sourcefiles/Mat/Eyebrows.mat using Guid(aa86a0f3e62852142bfc3a5d4cd7a828) Importer(815301076,1909f56bfc062723c751e8b465ee728b)  -> (artifact id: '6b5549b73982cd03f7686d4ba009bca7') in 0.147389 seconds
  Import took 0.165456 seconds .

========================================================================
Received Import Request.
  Time since last request: 0.000738 seconds.
  path: Assets/AnimeGirls/BaseCharacter/BaseCharacter/Sourcefiles/Mat/Mat_underwear_1.mat
  artifactKey: Guid(fe5f139c27784a24493f695dd3cd1be0) Importer(815301076,1909f56bfc062723c751e8b465ee728b)
Start importing Assets/AnimeGirls/BaseCharacter/BaseCharacter/Sourcefiles/Mat/Mat_underwear_1.mat using Guid(fe5f139c27784a24493f695dd3cd1be0) Importer(815301076,1909f56bfc062723c751e8b465ee728b)  -> (artifact id: 'c7487048148e5e82a00c9626a1022a95') in 0.418164 seconds
  Import took 0.436816 seconds .

========================================================================
Received Import Request.
  Time since last request: 0.001256 seconds.
  path: Assets/AnimeGirls/BaseCharacter/BaseCharacter/Sourcefiles/Mat/Eye.mat
  artifactKey: Guid(023452b84affa6f43a8feea0e1c55499) Importer(815301076,1909f56bfc062723c751e8b465ee728b)
Start importing Assets/AnimeGirls/BaseCharacter/BaseCharacter/Sourcefiles/Mat/Eye.mat using Guid(023452b84affa6f43a8feea0e1c55499) Importer(815301076,1909f56bfc062723c751e8b465ee728b)  -> (artifact id: 'cfbf179d6712a576d123273fa29b14a7') in 0.127619 seconds
  Import took 0.134516 seconds .

========================================================================
Received Import Request.
  Time since last request: 0.000635 seconds.
  path: Assets/AnimeGirls/BaseCharacter/BaseCharacter/Sourcefiles/Mat/Mat_Hair_4_hair.mat
  artifactKey: Guid(e1eb634c482838147a8f9f789fdfb8c7) Importer(815301076,1909f56bfc062723c751e8b465ee728b)
Start importing Assets/AnimeGirls/BaseCharacter/BaseCharacter/Sourcefiles/Mat/Mat_Hair_4_hair.mat using Guid(e1eb634c482838147a8f9f789fdfb8c7) Importer(815301076,1909f56bfc062723c751e8b465ee728b)  -> (artifact id: '4a4e5d83f71fa549f5427906f4c77410') in 0.209730 seconds
  Import took 0.230796 seconds .

========================================================================
Received Import Request.
  Time since last request: 0.000598 seconds.
  path: Assets/AnimeGirls/BaseCharacter/BaseCharacter/Sourcefiles/Mat/Mat_transp_Eye_color4.mat
  artifactKey: Guid(b634fca61d42a294a8d558c7cf413446) Importer(815301076,1909f56bfc062723c751e8b465ee728b)
Start importing Assets/AnimeGirls/BaseCharacter/BaseCharacter/Sourcefiles/Mat/Mat_transp_Eye_color4.mat using Guid(b634fca61d42a294a8d558c7cf413446) Importer(815301076,1909f56bfc062723c751e8b465ee728b)  -> (artifact id: 'c5df6728494214c71a69698de200fdd0') in 0.169403 seconds
  Import took 0.182086 seconds .

========================================================================
Received Import Request.
  Time since last request: 0.000947 seconds.
  path: Assets/AnimeGirls/BaseCharacter/BaseCharacter/Sourcefiles/Mat/Mat_Hair_2_hair.mat
  artifactKey: Guid(9e09ff6eb81e1bb46ac6c49cc77be78a) Importer(815301076,1909f56bfc062723c751e8b465ee728b)
Start importing Assets/AnimeGirls/BaseCharacter/BaseCharacter/Sourcefiles/Mat/Mat_Hair_2_hair.mat using Guid(9e09ff6eb81e1bb46ac6c49cc77be78a) Importer(815301076,1909f56bfc062723c751e8b465ee728b)  -> (artifact id: '78634aeaa1e06a8cc857b3b4d03b007e') in 0.159384 seconds
  Import took 0.177965 seconds .

========================================================================
Received Import Request.
  Time since last request: 0.020145 seconds.
  path: Assets/AnimeGirls/BaseCharacter/BaseCharacter/Sourcefiles/Mat/Face.mat
  artifactKey: Guid(45f47006298912f4dbec4062603b460f) Importer(815301076,1909f56bfc062723c751e8b465ee728b)
Start importing Assets/AnimeGirls/BaseCharacter/BaseCharacter/Sourcefiles/Mat/Face.mat using Guid(45f47006298912f4dbec4062603b460f) Importer(815301076,1909f56bfc062723c751e8b465ee728b)  -> (artifact id: '79c9d3666dca93dd4bf4d365f7e53043') in 0.130970 seconds
  Import took 0.151720 seconds .

========================================================================
Received Import Request.
  Time since last request: 0.003981 seconds.
  path: Assets/AnimeGirls/BaseCharacter/BaseCharacter/Sourcefiles/Mat/Mat_underwear_3.mat
  artifactKey: Guid(d2903b263d559f54794c1af4772a0e14) Importer(815301076,1909f56bfc062723c751e8b465ee728b)
Start importing Assets/AnimeGirls/BaseCharacter/BaseCharacter/Sourcefiles/Mat/Mat_underwear_3.mat using Guid(d2903b263d559f54794c1af4772a0e14) Importer(815301076,1909f56bfc062723c751e8b465ee728b)  -> (artifact id: 'e12d2269a6ffe4237ed8791b821f5184') in 0.126264 seconds
  Import took 0.138505 seconds .

========================================================================
Received Import Request.
  Time since last request: 0.001802 seconds.
  path: Assets/AnimeGirls/BaseCharacter/BaseCharacter/Sourcefiles/Mat/Eyeliner.mat
  artifactKey: Guid(b8022f4bfe3976845b403285a16c5320) Importer(815301076,1909f56bfc062723c751e8b465ee728b)
Start importing Assets/AnimeGirls/BaseCharacter/BaseCharacter/Sourcefiles/Mat/Eyeliner.mat using Guid(b8022f4bfe3976845b403285a16c5320) Importer(815301076,1909f56bfc062723c751e8b465ee728b)  -> (artifact id: 'cda584c89c82d3d3fd254104b2b70184') in 0.141001 seconds
  Import took 0.158357 seconds .

========================================================================
Received Import Request.
  Time since last request: 0.000650 seconds.
  path: Assets/AnimeGirls/BaseCharacter/BaseCharacter/Sourcefiles/Mat/Mat_transp_Eye_color2.mat
  artifactKey: Guid(cdb22899674873642a8b09020709ae1e) Importer(815301076,1909f56bfc062723c751e8b465ee728b)
Start importing Assets/AnimeGirls/BaseCharacter/BaseCharacter/Sourcefiles/Mat/Mat_transp_Eye_color2.mat using Guid(cdb22899674873642a8b09020709ae1e) Importer(815301076,1909f56bfc062723c751e8b465ee728b)  -> (artifact id: '4ff3ff474ceaf96df62af2400423e485') in 0.129887 seconds
  Import took 0.167423 seconds .

========================================================================
Received Import Request.
  Time since last request: 0.000527 seconds.
  path: Assets/AnimeGirls/BaseCharacter/BaseCharacter/Sourcefiles/Mat/Eye_reflection.mat
  artifactKey: Guid(02b619845fcb6e741b4be7e71e36c491) Importer(815301076,1909f56bfc062723c751e8b465ee728b)
Start importing Assets/AnimeGirls/BaseCharacter/BaseCharacter/Sourcefiles/Mat/Eye_reflection.mat using Guid(02b619845fcb6e741b4be7e71e36c491) Importer(815301076,1909f56bfc062723c751e8b465ee728b)  -> (artifact id: 'f2bde28eae61357860c58563a987c8da') in 0.130377 seconds
  Import took 0.144925 seconds .

========================================================================
Received Import Request.
  Time since last request: 0.006871 seconds.
  path: Assets/AnimeGirls/BaseCharacter/BaseCharacter/Sourcefiles/Mat/mouth_inside.mat
  artifactKey: Guid(6591b6a58c1933643bb87bf9fbef044c) Importer(815301076,1909f56bfc062723c751e8b465ee728b)
Start importing Assets/AnimeGirls/BaseCharacter/BaseCharacter/Sourcefiles/Mat/mouth_inside.mat using Guid(6591b6a58c1933643bb87bf9fbef044c) Importer(815301076,1909f56bfc062723c751e8b465ee728b)  -> (artifact id: 'ba521ccc9e416d2fcee85424d62353fa') in 0.138429 seconds
  Import took 0.159401 seconds .

========================================================================
Received Import Request.
  Time since last request: 0.000534 seconds.
  path: Assets/AnimeGirls/BaseCharacter/BaseCharacter/Sourcefiles/Mat/Mat_transp_Eye_color3.mat
  artifactKey: Guid(005e240c72f4ad94a986acc901553162) Importer(815301076,1909f56bfc062723c751e8b465ee728b)
Start importing Assets/AnimeGirls/BaseCharacter/BaseCharacter/Sourcefiles/Mat/Mat_transp_Eye_color3.mat using Guid(005e240c72f4ad94a986acc901553162) Importer(815301076,1909f56bfc062723c751e8b465ee728b)  -> (artifact id: '866a46d47b3d9797a4645d27209c6e92') in 0.197060 seconds
  Import took 0.212220 seconds .

========================================================================
Received Import Request.
  Time since last request: 0.000556 seconds.
  path: Assets/AnimeGirls/BaseCharacter/BaseCharacter/Sourcefiles/Mat/Mat_Hair_3_head.mat
  artifactKey: Guid(1d5e3b19234a64f44984ae99e6ca6545) Importer(815301076,1909f56bfc062723c751e8b465ee728b)
Start importing Assets/AnimeGirls/BaseCharacter/BaseCharacter/Sourcefiles/Mat/Mat_Hair_3_head.mat using Guid(1d5e3b19234a64f44984ae99e6ca6545) Importer(815301076,1909f56bfc062723c751e8b465ee728b)  -> (artifact id: 'a6709915804f76df6b8149aab6fe22f6') in 0.163258 seconds
  Import took 0.178080 seconds .

========================================================================
Received Import Request.
  Time since last request: 0.001265 seconds.
  path: Assets/AnimeGirls/BaseCharacter/BaseCharacter/Sourcefiles/Mat/Mat_Hair_5_head.mat
  artifactKey: Guid(35480311dac00b44e8b4aa462037a655) Importer(815301076,1909f56bfc062723c751e8b465ee728b)
Start importing Assets/AnimeGirls/BaseCharacter/BaseCharacter/Sourcefiles/Mat/Mat_Hair_5_head.mat using Guid(35480311dac00b44e8b4aa462037a655) Importer(815301076,1909f56bfc062723c751e8b465ee728b)  -> (artifact id: '83e937f829861c630f221cb6edfb6af6') in 0.148565 seconds
  Import took 0.160216 seconds .

========================================================================
Received Import Request.
  Time since last request: 0.000517 seconds.
  path: Assets/AnimeGirls/BaseCharacter/BaseCharacter/Sourcefiles/Mat/Mat_Hair_5_hair.mat
  artifactKey: Guid(3a1e33245c62cf54dad1f33cb1420dc1) Importer(815301076,1909f56bfc062723c751e8b465ee728b)
Start importing Assets/AnimeGirls/BaseCharacter/BaseCharacter/Sourcefiles/Mat/Mat_Hair_5_hair.mat using Guid(3a1e33245c62cf54dad1f33cb1420dc1) Importer(815301076,1909f56bfc062723c751e8b465ee728b)  -> (artifact id: 'cfbec6041c740f8082e0fccb2a6d5d9b') in 0.130656 seconds
  Import took 0.144557 seconds .

========================================================================
Received Import Request.
  Time since last request: 0.000910 seconds.
  path: Assets/AnimeGirls/BaseCharacter/BaseCharacter/Sourcefiles/Mat/Mat_Hair_1_head.mat
  artifactKey: Guid(d76781e69b0e937439800ef45648aed7) Importer(815301076,1909f56bfc062723c751e8b465ee728b)
Start importing Assets/AnimeGirls/BaseCharacter/BaseCharacter/Sourcefiles/Mat/Mat_Hair_1_head.mat using Guid(d76781e69b0e937439800ef45648aed7) Importer(815301076,1909f56bfc062723c751e8b465ee728b)  -> (artifact id: '9f259cbb55c1b9b843b41607c7310eab') in 0.133920 seconds
  Import took 0.152569 seconds .

========================================================================
Received Import Request.
  Time since last request: 5.911612 seconds.
  path: Assets/AnimeGirls/BaseCharacter/Demo files/AC.controller
  artifactKey: Guid(f198b02e0e99f8d458e8beaa4c101d65) Importer(815301076,1909f56bfc062723c751e8b465ee728b)
Start importing Assets/AnimeGirls/BaseCharacter/Demo files/AC.controller using Guid(f198b02e0e99f8d458e8beaa4c101d65) Importer(815301076,1909f56bfc062723c751e8b465ee728b)  -> (artifact id: 'a832d245ebec84e14f27fd9aeda3c506') in 0.066485 seconds
  Import took 0.075995 seconds .

========================================================================
Received Import Request.
  Time since last request: 62.339529 seconds.
  path: Assets/AnimeGirls/Casual1/SourceFiles/Material
  artifactKey: Guid(263fc858b38dd8741bd947702ccb4b7f) Importer(815301076,1909f56bfc062723c751e8b465ee728b)
Start importing Assets/AnimeGirls/Casual1/SourceFiles/Material using Guid(263fc858b38dd8741bd947702ccb4b7f) Importer(815301076,1909f56bfc062723c751e8b465ee728b)  -> (artifact id: 'fd9d107c02efb4dc807e9560eab4a060') in 0.038346 seconds
  Import took 0.063431 seconds .

========================================================================
Received Import Request.
  Time since last request: 1.137867 seconds.
  path: Assets/AnimeGirls/Casual1/SourceFiles/Material/Mat.mat
  artifactKey: Guid(584185f725cc8ec4f816013ff6b5e2cc) Importer(815301076,1909f56bfc062723c751e8b465ee728b)
Start importing Assets/AnimeGirls/Casual1/SourceFiles/Material/Mat.mat using Guid(584185f725cc8ec4f816013ff6b5e2cc) Importer(815301076,1909f56bfc062723c751e8b465ee728b)  -> (artifact id: 'a1fb1379e5f6e6bec5c72b346d82682e') in 0.089560 seconds
  Import took 0.097614 seconds .

========================================================================
Received Import Request.
  Time since last request: 3.396965 seconds.
  path: Assets/AnimeGirls/Casual1/SourceFiles/Texture/Casual1.png
  artifactKey: Guid(35f40a7d98d24a94f803784c817ac03a) Importer(815301076,1909f56bfc062723c751e8b465ee728b)
Start importing Assets/AnimeGirls/Casual1/SourceFiles/Texture/Casual1.png using Guid(35f40a7d98d24a94f803784c817ac03a) Importer(815301076,1909f56bfc062723c751e8b465ee728b)  -> (artifact id: '67681526829dbf79b0c35ac9d5e40908') in 0.077956 seconds
  Import took 0.086694 seconds .

========================================================================
Received Import Request.
  Time since last request: 0.007605 seconds.
  path: Assets/AnimeGirls/Casual1/SourceFiles/Texture/Casual1NORMAL.png
  artifactKey: Guid(9af3bb75de4ffbb43a9890cabbc77a72) Importer(815301076,1909f56bfc062723c751e8b465ee728b)
Start importing Assets/AnimeGirls/Casual1/SourceFiles/Texture/Casual1NORMAL.png using Guid(9af3bb75de4ffbb43a9890cabbc77a72) Importer(815301076,1909f56bfc062723c751e8b465ee728b)  -> (artifact id: '6b3f7b96daed8b442408629c654952b8') in 0.112175 seconds
  Import took 0.131928 seconds .

========================================================================
Received Import Request.
  Time since last request: 31.965654 seconds.
  path: Assets/RPG Pack/Animations
  artifactKey: Guid(f94f989dc8ba8dc4fb3553994eddd642) Importer(815301076,1909f56bfc062723c751e8b465ee728b)
Start importing Assets/RPG Pack/Animations using Guid(f94f989dc8ba8dc4fb3553994eddd642) Importer(815301076,1909f56bfc062723c751e8b465ee728b)  -> (artifact id: '46f823b0f6306842fe356d35c346000d') in 0.085343 seconds
  Import took 0.099826 seconds .

========================================================================
Received Import Request.
  Time since last request: 4.468805 seconds.
  path: Assets/RPG Pack/Animations/BoxIdleAC.controller
  artifactKey: Guid(b79f87718dae8f840b98142eef90b118) Importer(815301076,1909f56bfc062723c751e8b465ee728b)
Start importing Assets/RPG Pack/Animations/BoxIdleAC.controller using Guid(b79f87718dae8f840b98142eef90b118) Importer(815301076,1909f56bfc062723c751e8b465ee728b)  -> (artifact id: 'db7e5c4ad17ff46ee3272680a557017b') in 0.064075 seconds
  Import took 0.077805 seconds .

========================================================================
Received Import Request.
  Time since last request: 0.725112 seconds.
  path: Assets/RPG Pack/Animations/BoxCrashAC.controller
  artifactKey: Guid(1c551291519cd624eb9004fa49d4eb34) Importer(815301076,1909f56bfc062723c751e8b465ee728b)
Start importing Assets/RPG Pack/Animations/BoxCrashAC.controller using Guid(1c551291519cd624eb9004fa49d4eb34) Importer(815301076,1909f56bfc062723c751e8b465ee728b)  -> (artifact id: '5ad0f370990d9c5b3e7b4d9efc39166e') in 0.071622 seconds
  Import took 0.086650 seconds .

========================================================================
Received Import Request.
  Time since last request: 14.410844 seconds.
  path: Assets/RPG Pack/Animations/BoxOfPandora_Idle.anim
  artifactKey: Guid(9f766eb0e8fc6c74ba1b27fe388f4057) Importer(815301076,1909f56bfc062723c751e8b465ee728b)
Start importing Assets/RPG Pack/Animations/BoxOfPandora_Idle.anim using Guid(9f766eb0e8fc6c74ba1b27fe388f4057) Importer(815301076,1909f56bfc062723c751e8b465ee728b)  -> (artifact id: 'e07ad0e8b63402d97db69b657567445f') in 0.117943 seconds
  Import took 0.128794 seconds .

========================================================================
Received Import Request.
  Time since last request: 6.469197 seconds.
  path: Assets/RPG Pack/Animations/ItemsAC.controller
  artifactKey: Guid(972a6bb97057f2644a0b8ce0a4b89e68) Importer(815301076,1909f56bfc062723c751e8b465ee728b)
Start importing Assets/RPG Pack/Animations/ItemsAC.controller using Guid(972a6bb97057f2644a0b8ce0a4b89e68) Importer(815301076,1909f56bfc062723c751e8b465ee728b)  -> (artifact id: '22e2ab2d64d5075c7feb74429f2b8466') in 0.066243 seconds
  Import took 0.077419 seconds .

========================================================================
Received Import Request.
  Time since last request: 8.114752 seconds.
  path: Assets/Scenes/Adventure/NavMesh.asset
  artifactKey: Guid(a87d47b94aa1fd5449929b143551e1de) Importer(815301076,1909f56bfc062723c751e8b465ee728b)
Start importing Assets/Scenes/Adventure/NavMesh.asset using Guid(a87d47b94aa1fd5449929b143551e1de) Importer(815301076,1909f56bfc062723c751e8b465ee728b)  -> (artifact id: '7ab789194c5b7811998f4da235afb3e5') in 0.023926 seconds
  Import took 0.035796 seconds .

========================================================================
Received Import Request.
  Time since last request: 1.393307 seconds.
  path: Assets/RPG Pack/Materials/Bottle_blue.mat
  artifactKey: Guid(c7b5ee6d805865f4d87c945585777026) Importer(815301076,1909f56bfc062723c751e8b465ee728b)
Start importing Assets/RPG Pack/Materials/Bottle_blue.mat using Guid(c7b5ee6d805865f4d87c945585777026) Importer(815301076,1909f56bfc062723c751e8b465ee728b)  -> (artifact id: '71ab50b3ea6aaff8021551c8c51cc16f') in 1.334649 seconds
  Import took 1.345348 seconds .

========================================================================
Received Import Request.
  Time since last request: 0.000516 seconds.
  path: Assets/RPG Pack/Materials/Stars_particles.mat
  artifactKey: Guid(f47e41e4ec1f46641a912dd7f8b381d9) Importer(815301076,1909f56bfc062723c751e8b465ee728b)
Start importing Assets/RPG Pack/Materials/Stars_particles.mat using Guid(f47e41e4ec1f46641a912dd7f8b381d9) Importer(815301076,1909f56bfc062723c751e8b465ee728b)  -> (artifact id: 'c6999c756199e396e8c7aaad0e587f37') in 0.117192 seconds
  Import took 0.134397 seconds .

========================================================================
Received Import Request.
  Time since last request: 0.001111 seconds.
  path: Assets/RPG Pack/Materials/Coin.mat
  artifactKey: Guid(78e53f773c1253e42a517e179f18734b) Importer(815301076,1909f56bfc062723c751e8b465ee728b)
Start importing Assets/RPG Pack/Materials/Coin.mat using Guid(78e53f773c1253e42a517e179f18734b) Importer(815301076,1909f56bfc062723c751e8b465ee728b)  -> (artifact id: 'fcdd8da608db7d7ba79372b92b7a50d0') in 0.170457 seconds
  Import took 0.180594 seconds .

========================================================================
Received Import Request.
  Time since last request: 0.000554 seconds.
  path: Assets/RPG Pack/Materials/Glow_particles.mat
  artifactKey: Guid(40d4c3afc57e51f4ea3afcc23e8db70c) Importer(815301076,1909f56bfc062723c751e8b465ee728b)
Start importing Assets/RPG Pack/Materials/Glow_particles.mat using Guid(40d4c3afc57e51f4ea3afcc23e8db70c) Importer(815301076,1909f56bfc062723c751e8b465ee728b)  -> (artifact id: '23b22a2486f8fb1203f3d72d285dd3e3') in 0.129217 seconds
  Import took 0.149472 seconds .

========================================================================
Received Import Request.
  Time since last request: 0.000660 seconds.
  path: Assets/RPG Pack/Materials/Bottle_green.mat
  artifactKey: Guid(fb276041f4776ba4ca924be1e46d1148) Importer(815301076,1909f56bfc062723c751e8b465ee728b)
Start importing Assets/RPG Pack/Materials/Bottle_green.mat using Guid(fb276041f4776ba4ca924be1e46d1148) Importer(815301076,1909f56bfc062723c751e8b465ee728b)  -> (artifact id: '1092c51f6315610f97e4c0acb1ffe3ed') in 0.137401 seconds
  Import took 0.172981 seconds .

========================================================================
Received Import Request.
  Time since last request: 0.000547 seconds.
  path: Assets/RPG Pack/Materials/Box_Of_Pandora.mat
  artifactKey: Guid(3f6e773f4260ae14f907c9819b40b281) Importer(815301076,1909f56bfc062723c751e8b465ee728b)
Start importing Assets/RPG Pack/Materials/Box_Of_Pandora.mat using Guid(3f6e773f4260ae14f907c9819b40b281) Importer(815301076,1909f56bfc062723c751e8b465ee728b)  -> (artifact id: '7972948da7ba0386b0ee8dfb1c1882a4') in 0.284669 seconds
  Import took 0.297793 seconds .

========================================================================
Received Import Request.
  Time since last request: 0.002946 seconds.
  path: Assets/RPG Pack/Materials/Dust_particles.mat
  artifactKey: Guid(566428f457572c249a5ec48d349f2488) Importer(815301076,1909f56bfc062723c751e8b465ee728b)
Start importing Assets/RPG Pack/Materials/Dust_particles.mat using Guid(566428f457572c249a5ec48d349f2488) Importer(815301076,1909f56bfc062723c751e8b465ee728b)  -> (artifact id: '7090fe79bbbaee3b326b69f4d2d9036a') in 0.140710 seconds
  Import took 0.161323 seconds .

========================================================================
Received Import Request.
  Time since last request: 0.000473 seconds.
  path: Assets/RPG Pack/Materials/Bottle_red.mat
  artifactKey: Guid(13dcb46a756acb54487e0e6e6ad96506) Importer(815301076,1909f56bfc062723c751e8b465ee728b)
Start importing Assets/RPG Pack/Materials/Bottle_red.mat using Guid(13dcb46a756acb54487e0e6e6ad96506) Importer(815301076,1909f56bfc062723c751e8b465ee728b)  -> (artifact id: 'f11d7d5b6ce1f0a75e1efc7f87afc239') in 0.163902 seconds
  Import took 0.171035 seconds .

========================================================================
Received Import Request.
  Time since last request: 121.609505 seconds.
  path: Assets/AnimeGirls
  artifactKey: Guid(39514aec116878e43bf99917341ec080) Importer(815301076,1909f56bfc062723c751e8b465ee728b)
Start importing Assets/AnimeGirls using Guid(39514aec116878e43bf99917341ec080) Importer(815301076,1909f56bfc062723c751e8b465ee728b)  -> (artifact id: '43ae0605be1e81d31f8077d8e5354907') in 0.068894 seconds
  Import took 0.083581 seconds .

========================================================================
Received Import Request.
  Time since last request: 4.762992 seconds.
  path: Assets/AnimeGirls/Casual1/Demo.unity
  artifactKey: Guid(2cae45722582e78408f2ad67a6e95179) Importer(815301076,1909f56bfc062723c751e8b465ee728b)
Start importing Assets/AnimeGirls/Casual1/Demo.unity using Guid(2cae45722582e78408f2ad67a6e95179) Importer(815301076,1909f56bfc062723c751e8b465ee728b)  -> (artifact id: '16c8196c3672b38f7e445a1049c7f54b') in 0.066268 seconds
  Import took 0.076675 seconds .

========================================================================
Received Import Request.
  Time since last request: 161.219489 seconds.
  path: Assets/Tiny_Toony_City_Demo/Meshes
  artifactKey: Guid(a264569f2061c7b4c80b78073bd0af68) Importer(815301076,1909f56bfc062723c751e8b465ee728b)
Start importing Assets/Tiny_Toony_City_Demo/Meshes using Guid(a264569f2061c7b4c80b78073bd0af68) Importer(815301076,1909f56bfc062723c751e8b465ee728b)  -> (artifact id: '338e133c9a57cbda5678aa33392c5c15') in 0.037831 seconds
  Import took 0.056833 seconds .

========================================================================
Received Import Request.
  Time since last request: 0.865241 seconds.
  path: Assets/Tiny_Toony_City_Demo/Prefabs
  artifactKey: Guid(c59cb1d5a288e104aa8324fef03a63e3) Importer(815301076,1909f56bfc062723c751e8b465ee728b)
Start importing Assets/Tiny_Toony_City_Demo/Prefabs using Guid(c59cb1d5a288e104aa8324fef03a63e3) Importer(815301076,1909f56bfc062723c751e8b465ee728b)  -> (artifact id: '0ca93245d8160db220cf12316bc7d7d3') in 0.090798 seconds
  Import took 0.098105 seconds .

========================================================================
Received Import Request.
  Time since last request: 1.039037 seconds.
  path: Assets/Tiny_Toony_City_Demo/Prefabs/Demo_Asphalt.prefab
  artifactKey: Guid(146319125d8b08745ac3d24c55d2f45b) Importer(815301076,1909f56bfc062723c751e8b465ee728b)
Start importing Assets/Tiny_Toony_City_Demo/Prefabs/Demo_Asphalt.prefab using Guid(146319125d8b08745ac3d24c55d2f45b) Importer(815301076,1909f56bfc062723c751e8b465ee728b)  -> (artifact id: '0c72a578799a7ca0dde9d19e3fc6a836') in 0.032191 seconds
  Import took 0.050940 seconds .

========================================================================
Received Import Request.
  Time since last request: 0.006658 seconds.
  path: Assets/Tiny_Toony_City_Demo/Prefabs/Demo_Crossing.prefab
  artifactKey: Guid(147ddedb05f63ca4ba45f3d7b4a73b5f) Importer(815301076,1909f56bfc062723c751e8b465ee728b)
Start importing Assets/Tiny_Toony_City_Demo/Prefabs/Demo_Crossing.prefab using Guid(147ddedb05f63ca4ba45f3d7b4a73b5f) Importer(815301076,1909f56bfc062723c751e8b465ee728b)  -> (artifact id: '6b58ab2567585ddaf46c7dbbb7b74de0') in 0.072155 seconds
  Import took 0.087952 seconds .

========================================================================
Received Import Request.
  Time since last request: 2.810845 seconds.
  path: Assets/Tiny_Toony_City_Demo/Meshes/Demo_Asphalt.fbx
  artifactKey: Guid(bdd8b59fd28ade14d951aeeb4c9644d0) Importer(815301076,1909f56bfc062723c751e8b465ee728b)
Start importing Assets/Tiny_Toony_City_Demo/Meshes/Demo_Asphalt.fbx using Guid(bdd8b59fd28ade14d951aeeb4c9644d0) Importer(815301076,1909f56bfc062723c751e8b465ee728b)  -> (artifact id: '4000d83ae5bcfbd82f9384ffd2b3e417') in 0.217274 seconds
  Import took 0.227865 seconds .

========================================================================
Received Import Request.
  Time since last request: 0.000550 seconds.
  path: Assets/Tiny_Toony_City_Demo/Meshes/Demo_Crossing.fbx
  artifactKey: Guid(f98d0f97a920741499853e1e86a88ced) Importer(815301076,1909f56bfc062723c751e8b465ee728b)
Start importing Assets/Tiny_Toony_City_Demo/Meshes/Demo_Crossing.fbx using Guid(f98d0f97a920741499853e1e86a88ced) Importer(815301076,1909f56bfc062723c751e8b465ee728b)  -> (artifact id: '78f6aaa062dc7612d2e7cfc33467db16') in 0.129287 seconds
  Import took 0.144501 seconds .

========================================================================
Received Import Request.
  Time since last request: 0.000543 seconds.
  path: Assets/Tiny_Toony_City_Demo/Meshes/Demo_Block.fbx
  artifactKey: Guid(3c7d5dece75cf9845ad850601668e7d8) Importer(815301076,1909f56bfc062723c751e8b465ee728b)
Start importing Assets/Tiny_Toony_City_Demo/Meshes/Demo_Block.fbx using Guid(3c7d5dece75cf9845ad850601668e7d8) Importer(815301076,1909f56bfc062723c751e8b465ee728b)  -> (artifact id: 'c2158bc69a3ed4e1707eeeb01a4ed3e0') in 0.871573 seconds
  Import took 0.902755 seconds .

========================================================================
Received Import Request.
  Time since last request: 93.916095 seconds.
  path: Assets/Prefabs
  artifactKey: Guid(d05d5398b051fd447b95487640dde28c) Importer(815301076,1909f56bfc062723c751e8b465ee728b)
Start importing Assets/Prefabs using Guid(d05d5398b051fd447b95487640dde28c) Importer(815301076,1909f56bfc062723c751e8b465ee728b)  -> (artifact id: '9640a1d10c5a7b1c167664305c0aab5b') in 0.041977 seconds
  Import took 0.163713 seconds .

========================================================================
Received Import Request.
  Time since last request: 5.752250 seconds.
  path: Assets/Prefabs/Girl.prefab
  artifactKey: Guid(8b0fe7c79e81d024ea9ae5aebb5d5155) Importer(815301076,1909f56bfc062723c751e8b465ee728b)
Start importing Assets/Prefabs/Girl.prefab using Guid(8b0fe7c79e81d024ea9ae5aebb5d5155) Importer(815301076,1909f56bfc062723c751e8b465ee728b) The Animator Controller (New Animator Controller) you have used is not valid. Animations will not play
UnityEngine.StackTraceUtility:ExtractStackTrace ()
UnityEditor.EditorUtility:Internal_InstantiateRemoveAllNonAnimationComponentsSingle (UnityEngine.Object,UnityEngine.Vector3,UnityEngine.Quaternion)
UnityEditor.EditorUtility:InstantiateRemoveAllNonAnimationComponents (UnityEngine.Object,UnityEngine.Vector3,UnityEngine.Quaternion)
UnityEditor.EditorUtility:InstantiateForAnimatorPreview (UnityEngine.Object)
UnityEditor.GameObjectInspector/PreviewData:UpdateGameObject (UnityEngine.Object)
UnityEditor.GameObjectInspector/PreviewData:.ctor (UnityEngine.Object)
UnityEditor.GameObjectInspector:GetPreviewData ()
UnityEditor.GameObjectInspector:RenderStaticPreview (string,UnityEngine.Object[],int,int)
UnityEditor.AssetPreviewUpdater:CreatePreviewForAsset (UnityEngine.Object,UnityEngine.Object[],string)

[C:\buildslave\unity\build\Modules/Animation/Director/AnimatorControllerPlayable.cpp line 332]

The Animator Controller (New Animator Controller) you have used is not valid. Animations will not play
UnityEngine.StackTraceUtility:ExtractStackTrace ()
UnityEditor.EditorUtility:InitInstantiatedPreviewRecursive (UnityEngine.GameObject)
UnityEditor.EditorUtility:InstantiateForAnimatorPreview (UnityEngine.Object)
UnityEditor.GameObjectInspector/PreviewData:UpdateGameObject (UnityEngine.Object)
UnityEditor.GameObjectInspector/PreviewData:.ctor (UnityEngine.Object)
UnityEditor.GameObjectInspector:GetPreviewData ()
UnityEditor.GameObjectInspector:RenderStaticPreview (string,UnityEngine.Object[],int,int)
UnityEditor.AssetPreviewUpdater:CreatePreviewForAsset (UnityEngine.Object,UnityEngine.Object[],string)

[C:\buildslave\unity\build\Modules/Animation/Director/AnimatorControllerPlayable.cpp line 332]

 -> (artifact id: '97d621955ec2deac810290483bbe0bec') in 0.412002 seconds
  Import took 0.425511 seconds .

========================================================================
Received Prepare
Registering precompiled user dll's ...
Registered in 0.005183 seconds.
Begin MonoManager ReloadAssembly
Native extension for WindowsStandalone target not found
Refreshing native plugins compatible for Editor in 0.61 ms, found 0 plugins.
Preloading 0 native plugins for Editor in 0.00 ms.
Invoked RoslynAnalysisRunner static constructor.
RoslynAnalysisRunner will not be running.
RoslynAnalysisRunner has terminated.
Mono: successfully reloaded assembly
- Completed reload, in  4.390 seconds
Platform modules already initialized, skipping
Refreshing native plugins compatible for Editor in 1.67 ms, found 0 plugins.
Preloading 0 native plugins for Editor in 0.00 ms.
Unloading 1087 Unused Serialized files (Serialized files now loaded: 0)
System memory in use before: 75.3 MB.
System memory in use after: 75.4 MB.

Unloading 4 unused Assets to reduce memory usage. Loaded Objects now: 1622.
Total: 10.890500 ms (FindLiveObjects: 0.409700 ms CreateObjectMapping: 0.121700 ms MarkObjects: 9.780100 ms  DeleteObjects: 0.576100 ms)

========================================================================
Received Import Request.
  Time since last request: 1079.310969 seconds.
  path: Assets/Scripts/PlayerAnimation.cs
  artifactKey: Guid(84da5fe1ead0ca04490f8d454b735e3b) Importer(815301076,1909f56bfc062723c751e8b465ee728b)
Start importing Assets/Scripts/PlayerAnimation.cs using Guid(84da5fe1ead0ca04490f8d454b735e3b) Importer(815301076,1909f56bfc062723c751e8b465ee728b)  -> (artifact id: '01339bc67f746b3dd6a161f631db8bc4') in 0.087191 seconds
  Import took 0.112547 seconds .

